╔══════════════ENTITY CREATED═══════════════╗
╚═══════════════════════════════════════════╝
Timestamp : 2025-05-12 11:52:35
Author    : system@shodrone.app
Entity ID : 1
Initial State:
ShowRequest [ID=1, Date=2025-05-15 12:52, Author=system@shodrone.app, Status=Pending, Drones=5, Duration=30 min]
═════════════════════════════════════════════

╔══════════════ENTITY CREATED═══════════════╗
╚═══════════════════════════════════════════╝
Timestamp : 2025-05-12 11:56:31
Author    : system@shodrone.app
Entity ID : 1
Initial State:
ShowRequest [ID=1, Date=2025-05-15 12:56, Author=system@shodrone.app, Status=Pending, Drones=5, Duration=30 min]
═════════════════════════════════════════════

╔══════════════ENTITY CREATED═══════════════╗
╚═══════════════════════════════════════════╝
Timestamp : 2025-05-12 12:04:39
Author    : system@shodrone.app
Entity ID : 1
Initial State:
ShowRequest [ID=1, Date=2025-05-15 13:04, Author=system@shodrone.app, Status=Pending, Drones=5, Duration=30 min]
═════════════════════════════════════════════

