β•”β•β•β•β•β•β•β•β•β•β•β•β•β•β•ENTITY MODIFIEDβ•β•β•β•β•β•β•β•β•β•β•β•β•β•β•—
β•β•β•β•β•β•β•β•β•β•β•β•β•β•β•β•β•β•β•β•β•β•β•β•β•β•β•β•β•β•β•β•β•β•β•β•β•β•β•β•β•β•β•β•β•
Timestamp : 2025-05-12 22:26:27
Author    : system@shodrone.app
Entity ID : 2
Changes   :
Field 'description' changed from 'Empty' to 'Nova descriΓ§Γ£o'
Field 'numberOfDrones' changed from '12' to '13'
Field 'modificationAuthor' changed from 'No author have modified this Show Request yet!' to 'system@shodrone.app'
Field 'modificationDate' changed from 'null' to '2025-05-12T22:26:27.492862843'

β•β•β•β•β•β•β•β•β•β•β•β•β•β•β•β•β•β•β•β•β•β•β•β•β•β•β•β•β•β•β•β•β•β•β•β•β•β•β•β•β•β•β•β•β•

β•”β•β•β•β•β•β•β•β•β•β•β•β•β•β•ENTITY CREATEDβ•β•β•β•β•β•β•β•β•β•β•β•β•β•β•β•—
β•β•β•β•β•β•β•β•β•β•β•β•β•β•β•β•β•β•β•β•β•β•β•β•β•β•β•β•β•β•β•β•β•β•β•β•β•β•β•β•β•β•β•β•β•
Timestamp : 2025-05-28 23:06:45
Author    : system@shodrone.app
Entity ID : 2
Initial State:
ShowRequest [ID=2, Date=2025-06-01 00:06, Author=system@shodrone.app, Status=Pending, Drones=5, Duration=30 min]
β•β•β•β•β•β•β•β•β•β•β•β•β•β•β•β•β•β•β•β•β•β•β•β•β•β•β•β•β•β•β•β•β•β•β•β•β•β•β•β•β•β•β•β•β•

β•”β•β•β•β•β•β•β•β•β•β•β•β•β•β•ENTITY CREATEDβ•β•β•β•β•β•β•β•β•β•β•β•β•β•β•β•—
β•β•β•β•β•β•β•β•β•β•β•β•β•β•β•β•β•β•β•β•β•β•β•β•β•β•β•β•β•β•β•β•β•β•β•β•β•β•β•β•β•β•β•β•β•
Timestamp : 2025-05-29 10:24:01
Author    : system@shodrone.app
Entity ID : 2
Initial State:
ShowRequest [ID=2, Date=2025-06-01 11:24, Author=system@shodrone.app, Status=Pending, Drones=5, Duration=30 min]
β•β•β•β•β•β•β•β•β•β•β•β•β•β•β•β•β•β•β•β•β•β•β•β•β•β•β•β•β•β•β•β•β•β•β•β•β•β•β•β•β•β•β•β•β•

β•”β•β•β•β•β•β•β•β•β•β•β•β•β•β•ENTITY CREATEDβ•β•β•β•β•β•β•β•β•β•β•β•β•β•β•β•—
β•β•β•β•β•β•β•β•β•β•β•β•β•β•β•β•β•β•β•β•β•β•β•β•β•β•β•β•β•β•β•β•β•β•β•β•β•β•β•β•β•β•β•β•β•
Timestamp : 2025-05-29 10:26:52
Author    : system@shodrone.app
Entity ID : 2
Initial State:
ShowRequest [ID=2, Date=2025-06-01 11:26, Author=system@shodrone.app, Status=Pending, Drones=5, Duration=30 min]
β•β•β•β•β•β•β•β•β•β•β•β•β•β•β•β•β•β•β•β•β•β•β•β•β•β•β•β•β•β•β•β•β•β•β•β•β•β•β•β•β•β•β•β•β•

β•”β•β•β•β•β•β•β•β•β•β•β•β•β•β•ENTITY CREATEDβ•β•β•β•β•β•β•β•β•β•β•β•β•β•β•β•—
β•β•β•β•β•β•β•β•β•β•β•β•β•β•β•β•β•β•β•β•β•β•β•β•β•β•β•β•β•β•β•β•β•β•β•β•β•β•β•β•β•β•β•β•β•
Timestamp : 2025-05-29 16:32:16
Author    : system@shodrone.app
Entity ID : 2
Initial State:
ShowRequest [ID=2, Date=2025-06-01 17:32, Author=system@shodrone.app, Status=Pending, Drones=5, Duration=30 min]
β•β•β•β•β•β•β•β•β•β•β•β•β•β•β•β•β•β•β•β•β•β•β•β•β•β•β•β•β•β•β•β•β•β•β•β•β•β•β•β•β•β•β•β•β•

β•”β•β•β•β•β•β•β•β•β•β•β•β•β•β•ENTITY CREATEDβ•β•β•β•β•β•β•β•β•β•β•β•β•β•β•β•—
β•β•β•β•β•β•β•β•β•β•β•β•β•β•β•β•β•β•β•β•β•β•β•β•β•β•β•β•β•β•β•β•β•β•β•β•β•β•β•β•β•β•β•β•β•
Timestamp : 2025-06-02 17:59:09
Author    : system@shodrone.app
Entity ID : 2
Initial State:
ShowRequest [ID=2, Date=2025-06-05 18:59, Author=system@shodrone.app, Status=Pending, Drones=5, Duration=30 min]
β•β•β•β•β•β•β•β•β•β•β•β•β•β•β•β•β•β•β•β•β•β•β•β•β•β•β•β•β•β•β•β•β•β•β•β•β•β•β•β•β•β•β•β•β•

β•”β•β•β•β•β•β•β•β•β•β•β•β•β•β•ENTITY CREATEDβ•β•β•β•β•β•β•β•β•β•β•β•β•β•β•β•—
β•β•β•β•β•β•β•β•β•β•β•β•β•β•β•β•β•β•β•β•β•β•β•β•β•β•β•β•β•β•β•β•β•β•β•β•β•β•β•β•β•β•β•β•β•
Timestamp : 2025-06-02 18:01:36
Author    : system@shodrone.app
Entity ID : 2
Initial State:
ShowRequest [ID=2, Date=2025-06-05 19:01, Author=system@shodrone.app, Status=Pending, Drones=5, Duration=30 min]
β•β•β•β•β•β•β•β•β•β•β•β•β•β•β•β•β•β•β•β•β•β•β•β•β•β•β•β•β•β•β•β•β•β•β•β•β•β•β•β•β•β•β•β•β•

β•”β•β•β•β•β•β•β•β•β•β•β•β•β•β•ENTITY CREATEDβ•β•β•β•β•β•β•β•β•β•β•β•β•β•β•β•—
β•β•β•β•β•β•β•β•β•β•β•β•β•β•β•β•β•β•β•β•β•β•β•β•β•β•β•β•β•β•β•β•β•β•β•β•β•β•β•β•β•β•β•β•β•
Timestamp : 2025-06-02 18:04:20
Author    : system@shodrone.app
Entity ID : 2
Initial State:
ShowRequest [ID=2, Date=2025-06-05 19:04, Author=system@shodrone.app, Status=Pending, Drones=5, Duration=30 min]
β•β•β•β•β•β•β•β•β•β•β•β•β•β•β•β•β•β•β•β•β•β•β•β•β•β•β•β•β•β•β•β•β•β•β•β•β•β•β•β•β•β•β•β•β•

β•”β•β•β•β•β•β•β•β•β•β•β•β•β•β•ENTITY CREATEDβ•β•β•β•β•β•β•β•β•β•β•β•β•β•β•β•—
β•β•β•β•β•β•β•β•β•β•β•β•β•β•β•β•β•β•β•β•β•β•β•β•β•β•β•β•β•β•β•β•β•β•β•β•β•β•β•β•β•β•β•β•β•
Timestamp : 2025-06-02 18:07:09
Author    : system@shodrone.app
Entity ID : 2
Initial State:
ShowRequest [ID=2, Date=2025-06-05 19:07, Author=system@shodrone.app, Status=Pending, Drones=5, Duration=30 min]
β•β•β•β•β•β•β•β•β•β•β•β•β•β•β•β•β•β•β•β•β•β•β•β•β•β•β•β•β•β•β•β•β•β•β•β•β•β•β•β•β•β•β•β•β•

β•”β•β•β•β•β•β•β•β•β•β•β•β•β•β•ENTITY CREATEDβ•β•β•β•β•β•β•β•β•β•β•β•β•β•β•β•—
β•β•β•β•β•β•β•β•β•β•β•β•β•β•β•β•β•β•β•β•β•β•β•β•β•β•β•β•β•β•β•β•β•β•β•β•β•β•β•β•β•β•β•β•β•
Timestamp : 2025-06-02 18:09:42
Author    : system@shodrone.app
Entity ID : 2
Initial State:
ShowRequest [ID=2, Date=2025-06-05 19:09, Author=system@shodrone.app, Status=Pending, Drones=5, Duration=30 min]
β•β•β•β•β•β•β•β•β•β•β•β•β•β•β•β•β•β•β•β•β•β•β•β•β•β•β•β•β•β•β•β•β•β•β•β•β•β•β•β•β•β•β•β•β•

β•”β•β•β•β•β•β•β•β•β•β•β•β•β•β•ENTITY CREATEDβ•β•β•β•β•β•β•β•β•β•β•β•β•β•β•β•—
β•β•β•β•β•β•β•β•β•β•β•β•β•β•β•β•β•β•β•β•β•β•β•β•β•β•β•β•β•β•β•β•β•β•β•β•β•β•β•β•β•β•β•β•β•
Timestamp : 2025-06-04 00:23:26
Author    : system@shodrone.app
Entity ID : 2
Initial State:
ShowRequest [ID=2, Date=2025-06-07 01:23, Author=system@shodrone.app, Status=Pending, Drones=5, Duration=30 min]
β•β•β•β•β•β•β•β•β•β•β•β•β•β•β•β•β•β•β•β•β•β•β•β•β•β•β•β•β•β•β•β•β•β•β•β•β•β•β•β•β•β•β•β•β•

β•”β•β•β•β•β•β•β•β•β•β•β•β•β•β•ENTITY CREATEDβ•β•β•β•β•β•β•β•β•β•β•β•β•β•β•β•—
β•β•β•β•β•β•β•β•β•β•β•β•β•β•β•β•β•β•β•β•β•β•β•β•β•β•β•β•β•β•β•β•β•β•β•β•β•β•β•β•β•β•β•β•β•
Timestamp : 2025-06-04 00:35:09
Author    : system@shodrone.app
Entity ID : 2
Initial State:
ShowRequest [ID=2, Date=2025-06-07 01:35, Author=system@shodrone.app, Status=Pending, Drones=5, Duration=30 min]
β•β•β•β•β•β•β•β•β•β•β•β•β•β•β•β•β•β•β•β•β•β•β•β•β•β•β•β•β•β•β•β•β•β•β•β•β•β•β•β•β•β•β•β•β•

???????????????ENTITY MODIFIED???????????????
?????????????????????????????????????????????
Timestamp : 2025-06-05 14:00:15
Author    : system@shodrone.app
Entity ID : 2
Changes   :
Field 'description' changed from 'Empty' to 'Nova descriοΏ½οΏ½o'
Field 'numberOfDrones' changed from '12' to '13'
Field 'modificationAuthor' changed from 'No author have modified this Show Request yet!' to 'system@shodrone.app'
Field 'modificationDate' changed from 'null' to '2025-06-05T14:00:15.025779900'

?????????????????????????????????????????????

???????????????ENTITY MODIFIED???????????????
?????????????????????????????????????????????
Timestamp : 2025-06-05 15:32:35
Author    : system@shodrone.app
Entity ID : 2
Changes   :
Field 'description' changed from 'Empty' to 'Nova descriοΏ½οΏ½o'
Field 'numberOfDrones' changed from '12' to '13'
Field 'modificationAuthor' changed from 'No author have modified this Show Request yet!' to 'system@shodrone.app'
Field 'modificationDate' changed from 'null' to '2025-06-05T15:32:35.344084200'

?????????????????????????????????????????????

???????????????ENTITY MODIFIED???????????????
?????????????????????????????????????????????
Timestamp : 2025-06-05 15:49:27
Author    : system@shodrone.app
Entity ID : 2
Changes   :
Field 'description' changed from 'Empty' to 'Nova descriοΏ½οΏ½o'
Field 'numberOfDrones' changed from '12' to '13'
Field 'modificationAuthor' changed from 'No author have modified this Show Request yet!' to 'system@shodrone.app'
Field 'modificationDate' changed from 'null' to '2025-06-05T15:49:27.749650400'

?????????????????????????????????????????????

???????????????ENTITY MODIFIED???????????????
?????????????????????????????????????????????
Timestamp : 2025-06-05 15:52:20
Author    : system@shodrone.app
Entity ID : 2
Changes   :
Field 'description' changed from 'Empty' to 'Nova descriοΏ½οΏ½o'
Field 'numberOfDrones' changed from '12' to '13'
Field 'modificationAuthor' changed from 'No author have modified this Show Request yet!' to 'system@shodrone.app'
Field 'modificationDate' changed from 'null' to '2025-06-05T15:52:20.074582800'

?????????????????????????????????????????????

???????????????ENTITY MODIFIED???????????????
?????????????????????????????????????????????
Timestamp : 2025-06-05 16:23:46
Author    : system@shodrone.app
Entity ID : 2
Changes   :
Field 'description' changed from 'Empty' to 'Nova descriοΏ½οΏ½o'
Field 'numberOfDrones' changed from '12' to '13'
Field 'modificationAuthor' changed from 'No author have modified this Show Request yet!' to 'system@shodrone.app'
Field 'modificationDate' changed from 'null' to '2025-06-05T16:23:46.642886'

?????????????????????????????????????????????

???????????????ENTITY MODIFIED???????????????
?????????????????????????????????????????????
Timestamp : 2025-06-05 16:53:18
Author    : system@shodrone.app
Entity ID : 2
Changes   :
Field 'description' changed from 'Empty' to 'Nova descriοΏ½οΏ½o'
Field 'numberOfDrones' changed from '12' to '13'
Field 'modificationAuthor' changed from 'No author have modified this Show Request yet!' to 'system@shodrone.app'
Field 'modificationDate' changed from 'null' to '2025-06-05T16:53:18.212786900'

?????????????????????????????????????????????

???????????????ENTITY MODIFIED???????????????
?????????????????????????????????????????????
Timestamp : 2025-06-05 17:06:03
Author    : system@shodrone.app
Entity ID : 2
Changes   :
Field 'description' changed from 'Empty' to 'Nova descriοΏ½οΏ½o'
Field 'numberOfDrones' changed from '12' to '13'
Field 'modificationAuthor' changed from 'No author have modified this Show Request yet!' to 'system@shodrone.app'
Field 'modificationDate' changed from 'null' to '2025-06-05T17:06:03.606071900'

?????????????????????????????????????????????

???????????????ENTITY MODIFIED???????????????
?????????????????????????????????????????????
Timestamp : 2025-06-05 17:20:07
Author    : system@shodrone.app
Entity ID : 2
Changes   :
Field 'description' changed from 'Empty' to 'Nova descriοΏ½οΏ½o'
Field 'numberOfDrones' changed from '12' to '13'
Field 'modificationAuthor' changed from 'No author have modified this Show Request yet!' to 'system@shodrone.app'
Field 'modificationDate' changed from 'null' to '2025-06-05T17:20:07.102046200'

?????????????????????????????????????????????

β•”β•β•β•β•β•β•β•β•β•β•β•β•β•β•ENTITY CREATEDβ•β•β•β•β•β•β•β•β•β•β•β•β•β•β•β•—
β•β•β•β•β•β•β•β•β•β•β•β•β•β•β•β•β•β•β•β•β•β•β•β•β•β•β•β•β•β•β•β•β•β•β•β•β•β•β•β•β•β•β•β•β•
Timestamp : 2025-06-04 22:36:35
Author    : system@shodrone.app
Entity ID : 2
Initial State:
ShowRequest [ID=2, Date=2025-06-07 23:36, Author=system@shodrone.app, Status=Pending, Drones=5, Duration=30 min]
β•β•β•β•β•β•β•β•β•β•β•β•β•β•β•β•β•β•β•β•β•β•β•β•β•β•β•β•β•β•β•β•β•β•β•β•β•β•β•β•β•β•β•β•β•

β•”β•β•β•β•β•β•β•β•β•β•β•β•β•β•ENTITY CREATEDβ•β•β•β•β•β•β•β•β•β•β•β•β•β•β•β•—
β•β•β•β•β•β•β•β•β•β•β•β•β•β•β•β•β•β•β•β•β•β•β•β•β•β•β•β•β•β•β•β•β•β•β•β•β•β•β•β•β•β•β•β•β•
Timestamp : 2025-06-04 22:38:08
Author    : system@shodrone.app
Entity ID : 2
Initial State:
ShowRequest [ID=2, Date=2025-06-07 23:38, Author=system@shodrone.app, Status=Pending, Drones=5, Duration=30 min]
β•β•β•β•β•β•β•β•β•β•β•β•β•β•β•β•β•β•β•β•β•β•β•β•β•β•β•β•β•β•β•β•β•β•β•β•β•β•β•β•β•β•β•β•β•

???????????????ENTITY MODIFIED???????????????
?????????????????????????????????????????????
Timestamp : 2025-06-05 18:22:42
Author    : system@shodrone.app
Entity ID : 2
Changes   :
Field 'description' changed from 'Empty' to 'Nova descriοΏ½οΏ½o'
Field 'numberOfDrones' changed from '12' to '13'
Field 'modificationAuthor' changed from 'No author have modified this Show Request yet!' to 'system@shodrone.app'
Field 'modificationDate' changed from 'null' to '2025-06-05T18:22:42.666836200'

?????????????????????????????????????????????

β•”β•β•β•β•β•β•β•β•β•β•β•β•β•β•ENTITY CREATEDβ•β•β•β•β•β•β•β•β•β•β•β•β•β•β•β•—
β•β•β•β•β•β•β•β•β•β•β•β•β•β•β•β•β•β•β•β•β•β•β•β•β•β•β•β•β•β•β•β•β•β•β•β•β•β•β•β•β•β•β•β•β•
Timestamp : 2025-06-06 10:44:33
Author    : system@shodrone.app
Entity ID : 2
Initial State:
ShowRequest [ID=2, Date=2025-06-09 11:44, Author=system@shodrone.app, Status=Pending, Drones=5, Duration=30 min]
β•β•β•β•β•β•β•β•β•β•β•β•β•β•β•β•β•β•β•β•β•β•β•β•β•β•β•β•β•β•β•β•β•β•β•β•β•β•β•β•β•β•β•β•β•

β•”β•β•β•β•β•β•β•β•β•β•β•β•β•β•ENTITY CREATEDβ•β•β•β•β•β•β•β•β•β•β•β•β•β•β•β•—
β•β•β•β•β•β•β•β•β•β•β•β•β•β•β•β•β•β•β•β•β•β•β•β•β•β•β•β•β•β•β•β•β•β•β•β•β•β•β•β•β•β•β•β•β•
Timestamp : 2025-06-06 14:22:34
Author    : system@shodrone.app
Entity ID : 2
Initial State:
ShowRequest [ID=2, Date=2025-06-09 15:22, Author=system@shodrone.app, Status=Pending, Drones=5, Duration=30 min]
β•β•β•β•β•β•β•β•β•β•β•β•β•β•β•β•β•β•β•β•β•β•β•β•β•β•β•β•β•β•β•β•β•β•β•β•β•β•β•β•β•β•β•β•β•

β•”β•β•β•β•β•β•β•β•β•β•β•β•β•β•ENTITY CREATEDβ•β•β•β•β•β•β•β•β•β•β•β•β•β•β•β•—
β•β•β•β•β•β•β•β•β•β•β•β•β•β•β•β•β•β•β•β•β•β•β•β•β•β•β•β•β•β•β•β•β•β•β•β•β•β•β•β•β•β•β•β•β•
Timestamp : 2025-06-06 15:38:04
Author    : system@shodrone.app
Entity ID : 2
Initial State:
ShowRequest [ID=2, Date=2025-06-09 16:38, Author=system@shodrone.app, Status=Pending, Drones=5, Duration=30 min]
β•β•β•β•β•β•β•β•β•β•β•β•β•β•β•β•β•β•β•β•β•β•β•β•β•β•β•β•β•β•β•β•β•β•β•β•β•β•β•β•β•β•β•β•β•

???????????????ENTITY MODIFIED???????????????
?????????????????????????????????????????????
Timestamp : 2025-06-07 16:19:36
Author    : system@shodrone.app
Entity ID : 2
Changes   :
Field 'description' changed from 'Empty' to 'Nova descriοΏ½οΏ½o'
Field 'numberOfDrones' changed from '12' to '13'
Field 'modificationAuthor' changed from 'No author have modified this Show Request yet!' to 'system@shodrone.app'
Field 'modificationDate' changed from 'null' to '2025-06-07T16:19:36.969965400'

?????????????????????????????????????????????

???????????????ENTITY MODIFIED???????????????
?????????????????????????????????????????????
Timestamp : 2025-06-07 17:07:19
Author    : system@shodrone.app
Entity ID : 2
Changes   :
Field 'description' changed from 'Empty' to 'Nova descriοΏ½οΏ½o'
Field 'numberOfDrones' changed from '12' to '13'
Field 'modificationAuthor' changed from 'No author have modified this Show Request yet!' to 'system@shodrone.app'
Field 'modificationDate' changed from 'null' to '2025-06-07T17:07:19.292102800'

?????????????????????????????????????????????

???????????????ENTITY MODIFIED???????????????
?????????????????????????????????????????????
Timestamp : 2025-06-07 17:38:46
Author    : system@shodrone.app
Entity ID : 2
Changes   :
Field 'description' changed from 'Empty' to 'Nova descriοΏ½οΏ½o'
Field 'numberOfDrones' changed from '12' to '13'
Field 'modificationAuthor' changed from 'No author have modified this Show Request yet!' to 'system@shodrone.app'
Field 'modificationDate' changed from 'null' to '2025-06-07T17:38:46.082434900'

?????????????????????????????????????????????

???????????????ENTITY MODIFIED???????????????
?????????????????????????????????????????????
Timestamp : 2025-06-08 17:46:32
Author    : system@shodrone.app
Entity ID : 2
Changes   :
Field 'description' changed from 'Empty' to 'Nova descriοΏ½οΏ½o'
Field 'numberOfDrones' changed from '12' to '13'
Field 'modificationAuthor' changed from 'No author have modified this Show Request yet!' to 'system@shodrone.app'
Field 'modificationDate' changed from 'null' to '2025-06-08T17:46:32.743362700'

?????????????????????????????????????????????

???????????????ENTITY MODIFIED???????????????
?????????????????????????????????????????????
Timestamp : 2025-06-08 17:49:19
Author    : system@shodrone.app
Entity ID : 2
Changes   :
Field 'description' changed from 'Empty' to 'Nova descriοΏ½οΏ½o'
Field 'numberOfDrones' changed from '12' to '13'
Field 'modificationAuthor' changed from 'No author have modified this Show Request yet!' to 'system@shodrone.app'
Field 'modificationDate' changed from 'null' to '2025-06-08T17:49:19.560314400'

?????????????????????????????????????????????

???????????????ENTITY MODIFIED???????????????
?????????????????????????????????????????????
Timestamp : 2025-06-08 13:35:51
Author    : system@shodrone.app
Entity ID : 2
Changes   :
Field 'description' changed from 'Empty' to 'Nova descriοΏ½οΏ½o'
Field 'numberOfDrones' changed from '12' to '13'
Field 'modificationAuthor' changed from 'No author have modified this Show Request yet!' to 'system@shodrone.app'
Field 'modificationDate' changed from 'null' to '2025-06-08T13:35:51.144459600'

?????????????????????????????????????????????

???????????????ENTITY MODIFIED???????????????
?????????????????????????????????????????????
Timestamp : 2025-06-08 22:14:40
Author    : system@shodrone.app
Entity ID : 2
Changes   :
Field 'description' changed from 'Empty' to 'Nova descriοΏ½οΏ½o'
Field 'numberOfDrones' changed from '12' to '13'
Field 'modificationAuthor' changed from 'No author have modified this Show Request yet!' to 'system@shodrone.app'
Field 'modificationDate' changed from 'null' to '2025-06-08T22:14:40.006734400'

?????????????????????????????????????????????

???????????????ENTITY MODIFIED???????????????
?????????????????????????????????????????????
Timestamp : 2025-06-09 01:28:03
Author    : system@shodrone.app
Entity ID : 2
Changes   :
Field 'description' changed from 'Empty' to 'Nova descriηγo'
Field 'numberOfDrones' changed from '12' to '13'
Field 'modificationAuthor' changed from 'No author have modified this Show Request yet!' to 'system@shodrone.app'
Field 'modificationDate' changed from 'null' to '2025-06-09T01:28:03.002573600'

?????????????????????????????????????????????

