╔══════════════ENTITY MODIFIED══════════════╗
╚═══════════════════════════════════════════╝
Timestamp : 2025-05-28 23:06:46
Author    : system@shodrone.app
Entity ID : 4
Changes   :
Field 'description' changed from 'Empty' to 'Nova descrição'
Field 'numberOfDrones' changed from '12' to '13'
Field 'modificationAuthor' changed from 'No author have modified this Show Request yet!' to 'system@shodrone.app'
Field 'modificationDate' changed from 'null' to '2025-05-28T23:06:46.150336'

═════════════════════════════════════════════

╔══════════════ENTITY MODIFIED══════════════╗
╚═══════════════════════════════════════════╝
Timestamp : 2025-05-29 10:24:01
Author    : system@shodrone.app
Entity ID : 4
Changes   :
Field 'description' changed from 'Empty' to 'Nova descrição'
Field 'numberOfDrones' changed from '12' to '13'
Field 'modificationAuthor' changed from 'No author have modified this Show Request yet!' to 'system@shodrone.app'
Field 'modificationDate' changed from 'null' to '2025-05-29T10:24:01.796381'

═════════════════════════════════════════════

╔══════════════ENTITY MODIFIED══════════════╗
╚═══════════════════════════════════════════╝
Timestamp : 2025-05-29 10:26:52
Author    : system@shodrone.app
Entity ID : 4
Changes   :
Field 'description' changed from 'Empty' to 'Nova descrição'
Field 'numberOfDrones' changed from '12' to '13'
Field 'modificationAuthor' changed from 'No author have modified this Show Request yet!' to 'system@shodrone.app'
Field 'modificationDate' changed from 'null' to '2025-05-29T10:26:52.910641'

═════════════════════════════════════════════

╔══════════════ENTITY MODIFIED══════════════╗
╚═══════════════════════════════════════════╝
Timestamp : 2025-05-29 16:32:17
Author    : system@shodrone.app
Entity ID : 4
Changes   :
Field 'description' changed from 'Empty' to 'Nova descrição'
Field 'numberOfDrones' changed from '12' to '13'
Field 'modificationAuthor' changed from 'No author have modified this Show Request yet!' to 'system@shodrone.app'
Field 'modificationDate' changed from 'null' to '2025-05-29T16:32:17.271987'

═════════════════════════════════════════════

