╔══════════════ENTITY MODIFIED══════════════╗
╚═══════════════════════════════════════════╝
Timestamp : 2025-05-28 23:06:46
Author    : system@shodrone.app
Entity ID : 5
Changes   :
Field 'figures' changed from '[ID: N/A | Name: Circle               | Description: A perfect round shape          | Version: 1      | Category: N/A                  | Status: Active | Availability: Public     | DSL: N/A                  | Costumer: Maria Silva         , ID: N/A | Name: Airplane             | Description: A fixed-wing flying vehicle    | Version: 2      | Category: N/A                  | Status: Active | Availability: Public     | DSL: N/A                  | Costumer: Maria Silva         ]' to '[ID: N/A | Name: Airplane             | Description: A fixed-wing flying vehicle    | Version: 2      | Category: N/A                  | Status: Active | Availability: Public     | DSL: N/A                  | Costumer: Maria Silva         ]'
Field 'description' changed from 'Empty' to 'Show Atualizado'
Field 'numberOfDrones' changed from '12' to '333'
Field 'modificationAuthor' changed from 'No author have modified this Show Request yet!' to 'system@shodrone.app'
Field 'modificationDate' changed from 'null' to '2025-05-28T23:06:46.152820'

═════════════════════════════════════════════

╔══════════════ENTITY MODIFIED══════════════╗
╚═══════════════════════════════════════════╝
Timestamp : 2025-05-29 10:24:01
Author    : system@shodrone.app
Entity ID : 5
Changes   :
Field 'figures' changed from '[ID: N/A | Name: Circle               | Description: A perfect round shape          | Version: 1      | Category: N/A                  | Status: Active | Availability: Public     | DSL: N/A                  | Costumer: Maria Silva         , ID: N/A | Name: Airplane             | Description: A fixed-wing flying vehicle    | Version: 2      | Category: N/A                  | Status: Active | Availability: Public     | DSL: N/A                  | Costumer: Maria Silva         ]' to '[ID: N/A | Name: Airplane             | Description: A fixed-wing flying vehicle    | Version: 2      | Category: N/A                  | Status: Active | Availability: Public     | DSL: N/A                  | Costumer: Maria Silva         ]'
Field 'description' changed from 'Empty' to 'Show Atualizado'
Field 'numberOfDrones' changed from '12' to '333'
Field 'modificationAuthor' changed from 'No author have modified this Show Request yet!' to 'system@shodrone.app'
Field 'modificationDate' changed from 'null' to '2025-05-29T10:24:01.801542'

═════════════════════════════════════════════

╔══════════════ENTITY MODIFIED══════════════╗
╚═══════════════════════════════════════════╝
Timestamp : 2025-05-29 10:26:52
Author    : system@shodrone.app
Entity ID : 5
Changes   :
Field 'figures' changed from '[ID: N/A | Name: Circle               | Description: A perfect round shape          | Version: 1      | Category: N/A                  | Status: Active | Availability: Public     | DSL: N/A                  | Costumer: Maria Silva         , ID: N/A | Name: Airplane             | Description: A fixed-wing flying vehicle    | Version: 2      | Category: N/A                  | Status: Active | Availability: Public     | DSL: N/A                  | Costumer: Maria Silva         ]' to '[ID: N/A | Name: Airplane             | Description: A fixed-wing flying vehicle    | Version: 2      | Category: N/A                  | Status: Active | Availability: Public     | DSL: N/A                  | Costumer: Maria Silva         ]'
Field 'description' changed from 'Empty' to 'Show Atualizado'
Field 'numberOfDrones' changed from '12' to '333'
Field 'modificationAuthor' changed from 'No author have modified this Show Request yet!' to 'system@shodrone.app'
Field 'modificationDate' changed from 'null' to '2025-05-29T10:26:52.913035'

═════════════════════════════════════════════

╔══════════════ENTITY MODIFIED══════════════╗
╚═══════════════════════════════════════════╝
Timestamp : 2025-05-29 16:32:17
Author    : system@shodrone.app
Entity ID : 5
Changes   :
Field 'figures' changed from '[ID: N/A | Name: Circle               | Description: A perfect round shape          | Version: 1      | Category: N/A                  | Status: Active | Availability: Public     | DSL: N/A                  | Costumer: Maria Silva         , ID: N/A | Name: Airplane             | Description: A fixed-wing flying vehicle    | Version: 2      | Category: N/A                  | Status: Active | Availability: Public     | DSL: N/A                  | Costumer: Maria Silva         ]' to '[ID: N/A | Name: Airplane             | Description: A fixed-wing flying vehicle    | Version: 2      | Category: N/A                  | Status: Active | Availability: Public     | DSL: N/A                  | Costumer: Maria Silva         ]'
Field 'description' changed from 'Empty' to 'Show Atualizado'
Field 'numberOfDrones' changed from '12' to '333'
Field 'modificationAuthor' changed from 'No author have modified this Show Request yet!' to 'system@shodrone.app'
Field 'modificationDate' changed from 'null' to '2025-05-29T16:32:17.278113'

═════════════════════════════════════════════

╔══════════════ENTITY MODIFIED══════════════╗
╚═══════════════════════════════════════════╝
Timestamp : 2025-06-02 17:59:10
Author    : system@shodrone.app
Entity ID : 5
Changes   :
Field 'figures' changed from '[ID: N/A | Name: Circle               | Description: A perfect round shape          | Version: 1      | Category: N/A                  | Status: Active | Availability: Public     | DSL: N/A                  | Costumer: Maria Silva         , ID: N/A | Name: Airplane             | Description: A fixed-wing flying vehicle    | Version: 2      | Category: N/A                  | Status: Active | Availability: Public     | DSL: N/A                  | Costumer: Maria Silva         ]' to '[ID: N/A | Name: Airplane             | Description: A fixed-wing flying vehicle    | Version: 2      | Category: N/A                  | Status: Active | Availability: Public     | DSL: N/A                  | Costumer: Maria Silva         ]'
Field 'description' changed from 'Empty' to 'Show Atualizado'
Field 'numberOfDrones' changed from '12' to '333'
Field 'modificationAuthor' changed from 'No author have modified this Show Request yet!' to 'system@shodrone.app'
Field 'modificationDate' changed from 'null' to '2025-06-02T17:59:10.138817'

═════════════════════════════════════════════

╔══════════════ENTITY MODIFIED══════════════╗
╚═══════════════════════════════════════════╝
Timestamp : 2025-06-02 18:01:36
Author    : system@shodrone.app
Entity ID : 5
Changes   :
Field 'figures' changed from '[ID: N/A | Name: Circle               | Description: A perfect round shape          | Version: 1      | Category: N/A                  | Status: Active | Availability: Public     | DSL: N/A                  | Costumer: Maria Silva         , ID: N/A | Name: Airplane             | Description: A fixed-wing flying vehicle    | Version: 2      | Category: N/A                  | Status: Active | Availability: Public     | DSL: N/A                  | Costumer: Maria Silva         ]' to '[ID: N/A | Name: Airplane             | Description: A fixed-wing flying vehicle    | Version: 2      | Category: N/A                  | Status: Active | Availability: Public     | DSL: N/A                  | Costumer: Maria Silva         ]'
Field 'description' changed from 'Empty' to 'Show Atualizado'
Field 'numberOfDrones' changed from '12' to '333'
Field 'modificationAuthor' changed from 'No author have modified this Show Request yet!' to 'system@shodrone.app'
Field 'modificationDate' changed from 'null' to '2025-06-02T18:01:36.528523'

═════════════════════════════════════════════

╔══════════════ENTITY MODIFIED══════════════╗
╚═══════════════════════════════════════════╝
Timestamp : 2025-06-02 18:04:20
Author    : system@shodrone.app
Entity ID : 5
Changes   :
Field 'figures' changed from '[ID: N/A | Name: Circle               | Description: A perfect round shape          | Version: 1      | Category: N/A                  | Status: Active | Availability: Public     | DSL: N/A                  | Costumer: Maria Silva         , ID: N/A | Name: Airplane             | Description: A fixed-wing flying vehicle    | Version: 2      | Category: N/A                  | Status: Active | Availability: Public     | DSL: N/A                  | Costumer: Maria Silva         ]' to '[ID: N/A | Name: Airplane             | Description: A fixed-wing flying vehicle    | Version: 2      | Category: N/A                  | Status: Active | Availability: Public     | DSL: N/A                  | Costumer: Maria Silva         ]'
Field 'description' changed from 'Empty' to 'Show Atualizado'
Field 'numberOfDrones' changed from '12' to '333'
Field 'modificationAuthor' changed from 'No author have modified this Show Request yet!' to 'system@shodrone.app'
Field 'modificationDate' changed from 'null' to '2025-06-02T18:04:20.489163'

═════════════════════════════════════════════

╔══════════════ENTITY MODIFIED══════════════╗
╚═══════════════════════════════════════════╝
Timestamp : 2025-06-02 18:07:10
Author    : system@shodrone.app
Entity ID : 5
Changes   :
Field 'figures' changed from '[ID: N/A | Name: Circle               | Description: A perfect round shape          | Version: 1      | Category: N/A                  | Status: Active | Availability: Public     | DSL: N/A                  | Costumer: Maria Silva         , ID: N/A | Name: Airplane             | Description: A fixed-wing flying vehicle    | Version: 2      | Category: N/A                  | Status: Active | Availability: Public     | DSL: N/A                  | Costumer: Maria Silva         ]' to '[ID: N/A | Name: Airplane             | Description: A fixed-wing flying vehicle    | Version: 2      | Category: N/A                  | Status: Active | Availability: Public     | DSL: N/A                  | Costumer: Maria Silva         ]'
Field 'description' changed from 'Empty' to 'Show Atualizado'
Field 'numberOfDrones' changed from '12' to '333'
Field 'modificationAuthor' changed from 'No author have modified this Show Request yet!' to 'system@shodrone.app'
Field 'modificationDate' changed from 'null' to '2025-06-02T18:07:10.148940'

═════════════════════════════════════════════

╔══════════════ENTITY MODIFIED══════════════╗
╚═══════════════════════════════════════════╝
Timestamp : 2025-06-02 18:09:42
Author    : system@shodrone.app
Entity ID : 5
Changes   :
Field 'figures' changed from '[ID: N/A | Name: Circle               | Description: A perfect round shape          | Version: 1      | Category: N/A                  | Status: Active | Availability: Public     | DSL: N/A                  | Costumer: Maria Silva         , ID: N/A | Name: Airplane             | Description: A fixed-wing flying vehicle    | Version: 2      | Category: N/A                  | Status: Active | Availability: Public     | DSL: N/A                  | Costumer: Maria Silva         ]' to '[ID: N/A | Name: Airplane             | Description: A fixed-wing flying vehicle    | Version: 2      | Category: N/A                  | Status: Active | Availability: Public     | DSL: N/A                  | Costumer: Maria Silva         ]'
Field 'description' changed from 'Empty' to 'Show Atualizado'
Field 'numberOfDrones' changed from '12' to '333'
Field 'modificationAuthor' changed from 'No author have modified this Show Request yet!' to 'system@shodrone.app'
Field 'modificationDate' changed from 'null' to '2025-06-02T18:09:42.441211'

═════════════════════════════════════════════

╔══════════════ENTITY MODIFIED══════════════╗
╚═══════════════════════════════════════════╝
Timestamp : 2025-06-04 00:23:26
Author    : system@shodrone.app
Entity ID : 5
Changes   :
Field 'figures' changed from '[ID: N/A | Name: Circle               | Description: A perfect round shape          | Version: 1      | Category: N/A                  | Status: Active | Availability: Public     | DSL: N/A                  | Costumer: Maria Silva         , ID: N/A | Name: Airplane             | Description: A fixed-wing flying vehicle    | Version: 2      | Category: N/A                  | Status: Active | Availability: Public     | DSL: N/A                  | Costumer: Maria Silva         ]' to '[ID: N/A | Name: Airplane             | Description: A fixed-wing flying vehicle    | Version: 2      | Category: N/A                  | Status: Active | Availability: Public     | DSL: N/A                  | Costumer: Maria Silva         ]'
Field 'description' changed from 'Empty' to 'Show Atualizado'
Field 'numberOfDrones' changed from '12' to '333'
Field 'modificationAuthor' changed from 'No author have modified this Show Request yet!' to 'system@shodrone.app'
Field 'modificationDate' changed from 'null' to '2025-06-04T00:23:26.485465'

═════════════════════════════════════════════

╔══════════════ENTITY MODIFIED══════════════╗
╚═══════════════════════════════════════════╝
Timestamp : 2025-06-04 00:35:10
Author    : system@shodrone.app
Entity ID : 5
Changes   :
Field 'figures' changed from '[ID: N/A | Name: Circle               | Description: A perfect round shape          | Version: 1      | Category: N/A                  | Status: Active | Availability: Public     | DSL: N/A                  | Costumer: Maria Silva         , ID: N/A | Name: Airplane             | Description: A fixed-wing flying vehicle    | Version: 2      | Category: N/A                  | Status: Active | Availability: Public     | DSL: N/A                  | Costumer: Maria Silva         ]' to '[ID: N/A | Name: Airplane             | Description: A fixed-wing flying vehicle    | Version: 2      | Category: N/A                  | Status: Active | Availability: Public     | DSL: N/A                  | Costumer: Maria Silva         ]'
Field 'description' changed from 'Empty' to 'Show Atualizado'
Field 'numberOfDrones' changed from '12' to '333'
Field 'modificationAuthor' changed from 'No author have modified this Show Request yet!' to 'system@shodrone.app'
Field 'modificationDate' changed from 'null' to '2025-06-04T00:35:10.158399'

═════════════════════════════════════════════

╔══════════════ENTITY MODIFIED══════════════╗
╚═══════════════════════════════════════════╝
Timestamp : 2025-06-04 22:36:35
Author    : system@shodrone.app
Entity ID : 5
Changes   :
Field 'figures' changed from '[ID: N/A | Name: Circle               | Description: A perfect round shape          | Version: 1      | Category: N/A                  | Status: Active | Availability: Public     | DSL: N/A                  | Costumer: Maria Silva         , ID: N/A | Name: Airplane             | Description: A fixed-wing flying vehicle    | Version: 2      | Category: N/A                  | Status: Active | Availability: Public     | DSL: N/A                  | Costumer: Maria Silva         ]' to '[ID: N/A | Name: Airplane             | Description: A fixed-wing flying vehicle    | Version: 2      | Category: N/A                  | Status: Active | Availability: Public     | DSL: N/A                  | Costumer: Maria Silva         ]'
Field 'description' changed from 'Empty' to 'Show Atualizado'
Field 'numberOfDrones' changed from '12' to '333'
Field 'modificationAuthor' changed from 'No author have modified this Show Request yet!' to 'system@shodrone.app'
Field 'modificationDate' changed from 'null' to '2025-06-04T22:36:35.581379'

═════════════════════════════════════════════

╔══════════════ENTITY MODIFIED══════════════╗
╚═══════════════════════════════════════════╝
Timestamp : 2025-06-04 22:38:09
Author    : system@shodrone.app
Entity ID : 5
Changes   :
Field 'figures' changed from '[ID: N/A | Name: Circle               | Description: A perfect round shape          | Version: 1      | Category: N/A                  | Status: Active | Availability: Public     | DSL: N/A                  | Costumer: Maria Silva         , ID: N/A | Name: Airplane             | Description: A fixed-wing flying vehicle    | Version: 2      | Category: N/A                  | Status: Active | Availability: Public     | DSL: N/A                  | Costumer: Maria Silva         ]' to '[ID: N/A | Name: Airplane             | Description: A fixed-wing flying vehicle    | Version: 2      | Category: N/A                  | Status: Active | Availability: Public     | DSL: N/A                  | Costumer: Maria Silva         ]'
Field 'description' changed from 'Empty' to 'Show Atualizado'
Field 'numberOfDrones' changed from '12' to '333'
Field 'modificationAuthor' changed from 'No author have modified this Show Request yet!' to 'system@shodrone.app'
Field 'modificationDate' changed from 'null' to '2025-06-04T22:38:09.191969'

═════════════════════════════════════════════

