╔══════════════ENTITY MODIFIED══════════════╗
╚═══════════════════════════════════════════╝
Timestamp : 2025-05-12 22:26:27
Author    : system@shodrone.app
Entity ID : 3
Changes   :
Field 'figures' changed from '[ID: N/A | Name: Circle               | Description: A perfect round shape          | Version: 1      | Category: N/A                  | Status: Active | Availability: Public     | DSL: N/A                  | Costumer: Maria Silva         , ID: N/A | Name: Airplane             | Description: A fixed-wing flying vehicle    | Version: 2      | Category: N/A                  | Status: Active | Availability: Public     | DSL: N/A                  | Costumer: Maria Silva         ]' to '[ID: N/A | Name: Airplane             | Description: A fixed-wing flying vehicle    | Version: 2      | Category: N/A                  | Status: Active | Availability: Public     | DSL: N/A                  | Costumer: Maria Silva         ]'
Field 'description' changed from 'Empty' to 'Show Atualizado'
Field 'numberOfDrones' changed from '12' to '333'
Field 'modificationAuthor' changed from 'No author have modified this Show Request yet!' to 'system@shodrone.app'
Field 'modificationDate' changed from 'null' to '2025-05-12T22:26:27.512256094'

═════════════════════════════════════════════

???????????????ENTITY MODIFIED???????????????
?????????????????????????????????????????????
Timestamp : 2025-06-05 14:00:15
Author    : system@shodrone.app
Entity ID : 3
Changes   :
Field 'figures' changed from '[ID: N/A | Name: Circle               | Description: A perfect round shape          | Version: 1      | Category: N/A                  | Status: Active | Availability: Public     | DSL: N/A                  | Costumer: Maria Silva         , ID: N/A | Name: Airplane             | Description: A fixed-wing flying vehicle    | Version: 2      | Category: N/A                  | Status: Active | Availability: Public     | DSL: N/A                  | Costumer: Maria Silva         ]' to '[ID: N/A | Name: Airplane             | Description: A fixed-wing flying vehicle    | Version: 2      | Category: N/A                  | Status: Active | Availability: Public     | DSL: N/A                  | Costumer: Maria Silva         ]'
Field 'description' changed from 'Empty' to 'Show Atualizado'
Field 'numberOfDrones' changed from '12' to '333'
Field 'modificationAuthor' changed from 'No author have modified this Show Request yet!' to 'system@shodrone.app'
Field 'modificationDate' changed from 'null' to '2025-06-05T14:00:15.190083800'

?????????????????????????????????????????????

???????????????ENTITY MODIFIED???????????????
?????????????????????????????????????????????
Timestamp : 2025-06-05 15:32:35
Author    : system@shodrone.app
Entity ID : 3
Changes   :
Field 'figures' changed from '[ID: N/A | Name: Circle               | Description: A perfect round shape          | Version: 1      | Category: N/A                  | Status: Active | Availability: Public     | DSL: N/A                  | Costumer: Maria Silva         , ID: N/A | Name: Airplane             | Description: A fixed-wing flying vehicle    | Version: 2      | Category: N/A                  | Status: Active | Availability: Public     | DSL: N/A                  | Costumer: Maria Silva         ]' to '[ID: N/A | Name: Airplane             | Description: A fixed-wing flying vehicle    | Version: 2      | Category: N/A                  | Status: Active | Availability: Public     | DSL: N/A                  | Costumer: Maria Silva         ]'
Field 'description' changed from 'Empty' to 'Show Atualizado'
Field 'numberOfDrones' changed from '12' to '333'
Field 'modificationAuthor' changed from 'No author have modified this Show Request yet!' to 'system@shodrone.app'
Field 'modificationDate' changed from 'null' to '2025-06-05T15:32:35.405438300'

?????????????????????????????????????????????

???????????????ENTITY MODIFIED???????????????
?????????????????????????????????????????????
Timestamp : 2025-06-05 15:49:27
Author    : system@shodrone.app
Entity ID : 3
Changes   :
Field 'figures' changed from '[ID: N/A | Name: Circle               | Description: A perfect round shape          | Version: 1      | Category: N/A                  | Status: Active | Availability: Public     | DSL: N/A                  | Costumer: Maria Silva         , ID: N/A | Name: Airplane             | Description: A fixed-wing flying vehicle    | Version: 2      | Category: N/A                  | Status: Active | Availability: Public     | DSL: N/A                  | Costumer: Maria Silva         ]' to '[ID: N/A | Name: Airplane             | Description: A fixed-wing flying vehicle    | Version: 2      | Category: N/A                  | Status: Active | Availability: Public     | DSL: N/A                  | Costumer: Maria Silva         ]'
Field 'description' changed from 'Empty' to 'Show Atualizado'
Field 'numberOfDrones' changed from '12' to '333'
Field 'modificationAuthor' changed from 'No author have modified this Show Request yet!' to 'system@shodrone.app'
Field 'modificationDate' changed from 'null' to '2025-06-05T15:49:27.795889900'

?????????????????????????????????????????????

???????????????ENTITY MODIFIED???????????????
?????????????????????????????????????????????
Timestamp : 2025-06-05 15:52:20
Author    : system@shodrone.app
Entity ID : 3
Changes   :
Field 'figures' changed from '[ID: N/A | Name: Circle               | Description: A perfect round shape          | Version: 1      | Category: N/A                  | Status: Active | Availability: Public     | DSL: N/A                  | Costumer: Maria Silva         , ID: N/A | Name: Airplane             | Description: A fixed-wing flying vehicle    | Version: 2      | Category: N/A                  | Status: Active | Availability: Public     | DSL: N/A                  | Costumer: Maria Silva         ]' to '[ID: N/A | Name: Airplane             | Description: A fixed-wing flying vehicle    | Version: 2      | Category: N/A                  | Status: Active | Availability: Public     | DSL: N/A                  | Costumer: Maria Silva         ]'
Field 'description' changed from 'Empty' to 'Show Atualizado'
Field 'numberOfDrones' changed from '12' to '333'
Field 'modificationAuthor' changed from 'No author have modified this Show Request yet!' to 'system@shodrone.app'
Field 'modificationDate' changed from 'null' to '2025-06-05T15:52:20.122830300'

?????????????????????????????????????????????

???????????????ENTITY MODIFIED???????????????
?????????????????????????????????????????????
Timestamp : 2025-06-05 16:23:46
Author    : system@shodrone.app
Entity ID : 3
Changes   :
Field 'figures' changed from '[ID: N/A | Name: Circle               | Description: A perfect round shape          | Version: 1      | Category: N/A                  | Status: Active | Availability: Public     | DSL: N/A                  | Costumer: Maria Silva         , ID: N/A | Name: Airplane             | Description: A fixed-wing flying vehicle    | Version: 2      | Category: N/A                  | Status: Active | Availability: Public     | DSL: N/A                  | Costumer: Maria Silva         ]' to '[ID: N/A | Name: Airplane             | Description: A fixed-wing flying vehicle    | Version: 2      | Category: N/A                  | Status: Active | Availability: Public     | DSL: N/A                  | Costumer: Maria Silva         ]'
Field 'description' changed from 'Empty' to 'Show Atualizado'
Field 'numberOfDrones' changed from '12' to '333'
Field 'modificationAuthor' changed from 'No author have modified this Show Request yet!' to 'system@shodrone.app'
Field 'modificationDate' changed from 'null' to '2025-06-05T16:23:46.683092500'

?????????????????????????????????????????????

???????????????ENTITY MODIFIED???????????????
?????????????????????????????????????????????
Timestamp : 2025-06-05 16:53:18
Author    : system@shodrone.app
Entity ID : 3
Changes   :
Field 'figures' changed from '[ID: N/A | Name: Circle               | Description: A perfect round shape          | Version: 1      | Category: N/A                  | Status: Active | Availability: Public     | DSL: N/A                  | Costumer: Maria Silva         , ID: N/A | Name: Airplane             | Description: A fixed-wing flying vehicle    | Version: 2      | Category: N/A                  | Status: Active | Availability: Public     | DSL: N/A                  | Costumer: Maria Silva         ]' to '[ID: N/A | Name: Airplane             | Description: A fixed-wing flying vehicle    | Version: 2      | Category: N/A                  | Status: Active | Availability: Public     | DSL: N/A                  | Costumer: Maria Silva         ]'
Field 'description' changed from 'Empty' to 'Show Atualizado'
Field 'numberOfDrones' changed from '12' to '333'
Field 'modificationAuthor' changed from 'No author have modified this Show Request yet!' to 'system@shodrone.app'
Field 'modificationDate' changed from 'null' to '2025-06-05T16:53:18.276724100'

?????????????????????????????????????????????

???????????????ENTITY MODIFIED???????????????
?????????????????????????????????????????????
Timestamp : 2025-06-05 17:06:03
Author    : system@shodrone.app
Entity ID : 3
Changes   :
Field 'figures' changed from '[ID: N/A | Name: Circle               | Description: A perfect round shape          | Version: 1      | Category: N/A                  | Status: Active | Availability: Public     | DSL: N/A                  | Costumer: Maria Silva         , ID: N/A | Name: Airplane             | Description: A fixed-wing flying vehicle    | Version: 2      | Category: N/A                  | Status: Active | Availability: Public     | DSL: N/A                  | Costumer: Maria Silva         ]' to '[ID: N/A | Name: Airplane             | Description: A fixed-wing flying vehicle    | Version: 2      | Category: N/A                  | Status: Active | Availability: Public     | DSL: N/A                  | Costumer: Maria Silva         ]'
Field 'description' changed from 'Empty' to 'Show Atualizado'
Field 'numberOfDrones' changed from '12' to '333'
Field 'modificationAuthor' changed from 'No author have modified this Show Request yet!' to 'system@shodrone.app'
Field 'modificationDate' changed from 'null' to '2025-06-05T17:06:03.651954200'

?????????????????????????????????????????????

???????????????ENTITY MODIFIED???????????????
?????????????????????????????????????????????
Timestamp : 2025-06-05 17:20:07
Author    : system@shodrone.app
Entity ID : 3
Changes   :
Field 'figures' changed from '[ID: N/A | Name: Circle               | Description: A perfect round shape          | Version: 1      | Category: N/A                  | Status: Active | Availability: Public     | DSL: N/A                  | Costumer: Maria Silva         , ID: N/A | Name: Airplane             | Description: A fixed-wing flying vehicle    | Version: 2      | Category: N/A                  | Status: Active | Availability: Public     | DSL: N/A                  | Costumer: Maria Silva         ]' to '[ID: N/A | Name: Airplane             | Description: A fixed-wing flying vehicle    | Version: 2      | Category: N/A                  | Status: Active | Availability: Public     | DSL: N/A                  | Costumer: Maria Silva         ]'
Field 'description' changed from 'Empty' to 'Show Atualizado'
Field 'numberOfDrones' changed from '12' to '333'
Field 'modificationAuthor' changed from 'No author have modified this Show Request yet!' to 'system@shodrone.app'
Field 'modificationDate' changed from 'null' to '2025-06-05T17:20:07.192320'

?????????????????????????????????????????????

???????????????ENTITY MODIFIED???????????????
?????????????????????????????????????????????
Timestamp : 2025-06-05 18:22:42
Author    : system@shodrone.app
Entity ID : 3
Changes   :
Field 'figures' changed from '[ID: N/A | Name: Circle               | Description: A perfect round shape          | Version: 1      | Category: N/A                  | Status: Active | Availability: Public     | DSL: N/A                  | Costumer: Maria Silva         , ID: N/A | Name: Airplane             | Description: A fixed-wing flying vehicle    | Version: 2      | Category: N/A                  | Status: Active | Availability: Public     | DSL: N/A                  | Costumer: Maria Silva         ]' to '[ID: N/A | Name: Airplane             | Description: A fixed-wing flying vehicle    | Version: 2      | Category: N/A                  | Status: Active | Availability: Public     | DSL: N/A                  | Costumer: Maria Silva         ]'
Field 'description' changed from 'Empty' to 'Show Atualizado'
Field 'numberOfDrones' changed from '12' to '333'
Field 'modificationAuthor' changed from 'No author have modified this Show Request yet!' to 'system@shodrone.app'
Field 'modificationDate' changed from 'null' to '2025-06-05T18:22:42.785231'

?????????????????????????????????????????????

???????????????ENTITY MODIFIED???????????????
?????????????????????????????????????????????
Timestamp : 2025-06-07 16:19:37
Author    : system@shodrone.app
Entity ID : 3
Changes   :
Field 'figures' changed from '[ID: N/A | Name: Circle               | Description: A perfect round shape          | Version: 1      | Category: N/A                  | Status: Active | Availability: Public     | DSL: N/A                  | Costumer: Maria Silva         , ID: N/A | Name: Airplane             | Description: A fixed-wing flying vehicle    | Version: 2      | Category: N/A                  | Status: Active | Availability: Public     | DSL: N/A                  | Costumer: Maria Silva         ]' to '[ID: N/A | Name: Airplane             | Description: A fixed-wing flying vehicle    | Version: 2      | Category: N/A                  | Status: Active | Availability: Public     | DSL: N/A                  | Costumer: Maria Silva         ]'
Field 'description' changed from 'Empty' to 'Show Atualizado'
Field 'numberOfDrones' changed from '12' to '333'
Field 'modificationAuthor' changed from 'No author have modified this Show Request yet!' to 'system@shodrone.app'
Field 'modificationDate' changed from 'null' to '2025-06-07T16:19:37.013201500'

?????????????????????????????????????????????

???????????????ENTITY MODIFIED???????????????
?????????????????????????????????????????????
Timestamp : 2025-06-07 17:07:19
Author    : system@shodrone.app
Entity ID : 3
Changes   :
Field 'figures' changed from '[ID: N/A | Name: Circle               | Description: A perfect round shape          | Version: 1      | Category: N/A                  | Status: Active | Availability: Public     | DSL: N/A                  | Costumer: Maria Silva         , ID: N/A | Name: Airplane             | Description: A fixed-wing flying vehicle    | Version: 2      | Category: N/A                  | Status: Active | Availability: Public     | DSL: N/A                  | Costumer: Maria Silva         ]' to '[ID: N/A | Name: Airplane             | Description: A fixed-wing flying vehicle    | Version: 2      | Category: N/A                  | Status: Active | Availability: Public     | DSL: N/A                  | Costumer: Maria Silva         ]'
Field 'description' changed from 'Empty' to 'Show Atualizado'
Field 'numberOfDrones' changed from '12' to '333'
Field 'modificationAuthor' changed from 'No author have modified this Show Request yet!' to 'system@shodrone.app'
Field 'modificationDate' changed from 'null' to '2025-06-07T17:07:19.355411400'

?????????????????????????????????????????????

???????????????ENTITY MODIFIED???????????????
?????????????????????????????????????????????
Timestamp : 2025-06-08 13:35:51
Author    : system@shodrone.app
Entity ID : 3
Changes   :
Field 'figures' changed from '[ID: N/A | Name: Circle               | Description: A perfect round shape          | Version: 1      | Category: N/A                  | Status: Active | Availability: Public     | DSL: N/A                  | Costumer: Maria Silva         , ID: N/A | Name: Airplane             | Description: A fixed-wing flying vehicle    | Version: 2      | Category: N/A                  | Status: Active | Availability: Public     | DSL: N/A                  | Costumer: Maria Silva         ]' to '[ID: N/A | Name: Airplane             | Description: A fixed-wing flying vehicle    | Version: 2      | Category: N/A                  | Status: Active | Availability: Public     | DSL: N/A                  | Costumer: Maria Silva         ]'
Field 'description' changed from 'Empty' to 'Show Atualizado'
Field 'numberOfDrones' changed from '12' to '333'
Field 'modificationAuthor' changed from 'No author have modified this Show Request yet!' to 'system@shodrone.app'
Field 'modificationDate' changed from 'null' to '2025-06-08T13:35:51.179338900'

?????????????????????????????????????????????

