[INFO] Scanning for projects...
[INFO] ------------------------------------------------------------------------
[INFO] Reactor Build Order:
[INFO] 
[INFO] shodrone                                                           [pom]
[INFO] shodrone.app1                                                      [jar]
[INFO] shodrone.util.ci                                                   [pom]
[INFO] shodrone.infraestructure.application                               [jar]
[INFO] 
[INFO] ---------------------------< lapr4:shodrone >---------------------------
[INFO] Building shodrone 0.1.0                                            [1/4]
[INFO] --------------------------------[ pom ]---------------------------------
[WARNING] The artifact org.hibernate:hibernate-core:jar:6.2.0.Final has been relocated to org.hibernate.orm:hibernate-core:jar:6.2.0.Final
[INFO] 
[INFO] --- maven-clean-plugin:2.5:clean (default-clean) @ shodrone ---
[INFO] Deleting /home/jorge-rodrigues/Desktop/2_ano/2_Semestre/sem4pi-2024-2025-sem4pi_2024_2025_g61/target
[INFO] 
[INFO] --- jacoco-maven-plugin:0.8.6:prepare-agent (prepare-agent) @ shodrone ---
[INFO] argLine set to -javaagent:/home/jorge-rodrigues/.m2/repository/org/jacoco/org.jacoco.agent/0.8.6/org.jacoco.agent-0.8.6-runtime.jar=destfile=/home/jorge-rodrigues/Desktop/2_ano/2_Semestre/sem4pi-2024-2025-sem4pi_2024_2025_g61/target/jacoco.exec
[INFO] 
[INFO] --- lombok-maven-plugin:1.18.20.0:delombok (delombok) @ shodrone ---
[WARNING] Skipping Delombok; no source to process.
[INFO] 
[INFO] --- maven-assembly-plugin:3.6.0:single (make-assembly) @ shodrone ---
[WARNING] Cannot include project artifact: lapr4:shodrone:pom:0.1.0; it doesn't have an associated file or directory.
[INFO] Building jar: /home/jorge-rodrigues/Desktop/2_ano/2_Semestre/sem4pi-2024-2025-sem4pi_2024_2025_g61/target/shodrone-0.1.0-jar-with-dependencies.jar
[INFO] 
[INFO] --- maven-javadoc-plugin:3.2.0:jar (attach-javadocs) @ shodrone ---
[INFO] Not executing Javadoc as the project is not a Java classpath-capable package
[INFO] 
[INFO] --- maven-install-plugin:2.4:install (default-install) @ shodrone ---
[INFO] Installing /home/jorge-rodrigues/Desktop/2_ano/2_Semestre/sem4pi-2024-2025-sem4pi_2024_2025_g61/pom.xml to /home/jorge-rodrigues/.m2/repository/lapr4/shodrone/0.1.0/shodrone-0.1.0.pom
[INFO] Installing /home/jorge-rodrigues/Desktop/2_ano/2_Semestre/sem4pi-2024-2025-sem4pi_2024_2025_g61/target/shodrone-0.1.0-jar-with-dependencies.jar to /home/jorge-rodrigues/.m2/repository/lapr4/shodrone/0.1.0/shodrone-0.1.0-jar-with-dependencies.jar
[INFO] 
[INFO] >>> maven-surefire-report-plugin:3.0.0:report (default) > [surefire]test @ shodrone >>>
[WARNING] The artifact org.hibernate:hibernate-core:jar:6.2.0.Final has been relocated to org.hibernate.orm:hibernate-core:jar:6.2.0.Final
[INFO] 
[INFO] --- jacoco-maven-plugin:0.8.6:prepare-agent (prepare-agent) @ shodrone ---
[INFO] argLine set to -javaagent:/home/jorge-rodrigues/.m2/repository/org/jacoco/org.jacoco.agent/0.8.6/org.jacoco.agent-0.8.6-runtime.jar=destfile=/home/jorge-rodrigues/Desktop/2_ano/2_Semestre/sem4pi-2024-2025-sem4pi_2024_2025_g61/target/jacoco.exec
[INFO] 
[INFO] --- lombok-maven-plugin:1.18.20.0:delombok (delombok) @ shodrone ---
[WARNING] Skipping Delombok; no source to process.
[INFO] 
[INFO] <<< maven-surefire-report-plugin:3.0.0:report (default) < [surefire]test @ shodrone <<<
[INFO] 
[INFO] 
[INFO] --- maven-surefire-report-plugin:3.0.0:report (default) @ shodrone ---
[INFO] Rendering content with org.apache.maven.skins:maven-default-skin:jar:1.3 skin.
[WARNING] Unable to locate Test Source XRef to link to - DISABLED
[INFO] 
[INFO] --------------------------< lapr4:backoffice >--------------------------
[INFO] Building shodrone.app1 0.1.0                                       [2/4]
[INFO] --------------------------------[ jar ]---------------------------------
[WARNING] The artifact org.hibernate:hibernate-core:jar:6.2.0.Final has been relocated to org.hibernate.orm:hibernate-core:jar:6.2.0.Final
[INFO] 
[INFO] --- maven-clean-plugin:2.5:clean (default-clean) @ backoffice ---
[INFO] Deleting /home/jorge-rodrigues/Desktop/2_ano/2_Semestre/sem4pi-2024-2025-sem4pi_2024_2025_g61/shodrone.backoffice/target
[INFO] 
[INFO] --- jacoco-maven-plugin:0.8.6:prepare-agent (prepare-agent) @ backoffice ---
[INFO] argLine set to -javaagent:/home/jorge-rodrigues/.m2/repository/org/jacoco/org.jacoco.agent/0.8.6/org.jacoco.agent-0.8.6-runtime.jar=destfile=/home/jorge-rodrigues/Desktop/2_ano/2_Semestre/sem4pi-2024-2025-sem4pi_2024_2025_g61/shodrone.backoffice/target/jacoco.exec
[INFO] 
[INFO] --- lombok-maven-plugin:1.18.20.0:delombok (delombok) @ backoffice ---
[INFO] Delombok complete.
[INFO] 
[INFO] --- maven-resources-plugin:2.6:resources (default-resources) @ backoffice ---
[INFO] Using 'UTF-8' encoding to copy filtered resources.
[INFO] Copying 2 resources
[INFO] 
[INFO] --- maven-compiler-plugin:3.8.1:compile (default-compile) @ backoffice ---
[INFO] Changes detected - recompiling the module!
[INFO] Compiling 46 source files to /home/jorge-rodrigues/Desktop/2_ano/2_Semestre/sem4pi-2024-2025-sem4pi_2024_2025_g61/shodrone.backoffice/target/classes
[INFO] /home/jorge-rodrigues/Desktop/2_ano/2_Semestre/sem4pi-2024-2025-sem4pi_2024_2025_g61/shodrone.backoffice/src/main/java/persistence/jpa/JpaBaseRepository.java: /home/jorge-rodrigues/Desktop/2_ano/2_Semestre/sem4pi-2024-2025-sem4pi_2024_2025_g61/shodrone.backoffice/src/main/java/persistence/jpa/JpaBaseRepository.java uses unchecked or unsafe operations.
[INFO] /home/jorge-rodrigues/Desktop/2_ano/2_Semestre/sem4pi-2024-2025-sem4pi_2024_2025_g61/shodrone.backoffice/src/main/java/persistence/jpa/JpaBaseRepository.java: Recompile with -Xlint:unchecked for details.
[INFO] 
[INFO] --- maven-resources-plugin:2.6:testResources (default-testResources) @ backoffice ---
[INFO] Using 'UTF-8' encoding to copy filtered resources.
[INFO] skip non existing resourceDirectory /home/jorge-rodrigues/Desktop/2_ano/2_Semestre/sem4pi-2024-2025-sem4pi_2024_2025_g61/shodrone.backoffice/src/test/resources
[INFO] 
[INFO] --- maven-compiler-plugin:3.8.1:testCompile (default-testCompile) @ backoffice ---
[INFO] Changes detected - recompiling the module!
[INFO] Compiling 1 source file to /home/jorge-rodrigues/Desktop/2_ano/2_Semestre/sem4pi-2024-2025-sem4pi_2024_2025_g61/shodrone.backoffice/target/test-classes
[INFO] /home/jorge-rodrigues/Desktop/2_ano/2_Semestre/sem4pi-2024-2025-sem4pi_2024_2025_g61/shodrone.backoffice/src/test/java/authz/GreeterTest.java: /home/jorge-rodrigues/Desktop/2_ano/2_Semestre/sem4pi-2024-2025-sem4pi_2024_2025_g61/shodrone.backoffice/src/test/java/authz/GreeterTest.java uses or overrides a deprecated API.
[INFO] /home/jorge-rodrigues/Desktop/2_ano/2_Semestre/sem4pi-2024-2025-sem4pi_2024_2025_g61/shodrone.backoffice/src/test/java/authz/GreeterTest.java: Recompile with -Xlint:deprecation for details.
[INFO] 
[INFO] --- maven-surefire-plugin:3.0.0:test (default-test) @ backoffice ---
[INFO] Using auto detected provider org.apache.maven.surefire.junitplatform.JUnitPlatformProvider
[INFO] 
[INFO] -------------------------------------------------------
[INFO]  T E S T S
[INFO] -------------------------------------------------------
[INFO] Running authz.GreeterTest
[INFO] Tests run: 1, Failures: 0, Errors: 0, Skipped: 0, Time elapsed: 0.044 s - in authz.GreeterTest
[INFO] 
[INFO] Results:
[INFO] 
[INFO] Tests run: 1, Failures: 0, Errors: 0, Skipped: 0
[INFO] 
[INFO] 
[INFO] --- maven-jar-plugin:2.4:jar (default-jar) @ backoffice ---
[INFO] Building jar: /home/jorge-rodrigues/Desktop/2_ano/2_Semestre/sem4pi-2024-2025-sem4pi_2024_2025_g61/shodrone.backoffice/target/backoffice-0.1.0.jar
[INFO] 
[INFO] --- maven-assembly-plugin:3.6.0:single (make-assembly) @ backoffice ---
[INFO] Building jar: /home/jorge-rodrigues/Desktop/2_ano/2_Semestre/sem4pi-2024-2025-sem4pi_2024_2025_g61/shodrone.backoffice/target/backoffice-0.1.0-jar-with-dependencies.jar
[INFO] 
[INFO] --- maven-javadoc-plugin:3.2.0:jar (attach-javadocs) @ backoffice ---
[ERROR] Error fetching link: /home/jorge-rodrigues/Desktop/2_ano/2_Semestre/sem4pi-2024-2025-sem4pi_2024_2025_g61/shodrone.backoffice/target/javadoc-bundle-options. Ignored it.
[WARNING] Unable to derive module descriptor for /home/jorge-rodrigues/Desktop/2_ano/2_Semestre/sem4pi-2024-2025-sem4pi_2024_2025_g61/shodrone.backoffice/target/backoffice-0.1.0.jar
[INFO] No previous run data found, generating javadoc.
[WARNING] Javadoc Warnings
[WARNING] Loading source file /home/jorge-rodrigues/Desktop/2_ano/2_Semestre/sem4pi-2024-2025-sem4pi_2024_2025_g61/shodrone.backoffice/src/main/java/Main.java...
[WARNING] Loading source file /home/jorge-rodrigues/Desktop/2_ano/2_Semestre/sem4pi-2024-2025-sem4pi_2024_2025_g61/shodrone.backoffice/src/main/java/Bootstrap.java...
[WARNING] Loading source files for package factories...
[WARNING] Loading source files for package factories.impl...
[WARNING] Loading source files for package controller...
[WARNING] Loading source files for package more...
[WARNING] Loading source files for package authz...
[WARNING] Loading source files for package session...
[WARNING] Loading source files for package persistence.interfaces...
[WARNING] Loading source files for package persistence.jpa...
[WARNING] Loading source files for package persistence.jpa.JPAImpl...
[WARNING] Loading source files for package persistence.inmemory...
[WARNING] Loading source files for package utils...
[WARNING] Loading source files for package domain.valueObjects...
[WARNING] Loading source files for package domain.entity...
[WARNING] Loading source files for package ui...
[WARNING] Loading source files for package ui.authz...
[WARNING] Loading source files for package ui.menu...
[WARNING] Constructing Javadoc information...
[WARNING] Note: UML Doclet (C) Copyright Talsma ICT, version: 2.0.12.
[WARNING] Note: This software uses PlantUML (C) Copyright Arnaud Roques, version: 1.2020.16.
[WARNING] Building index for all the packages and classes...
[WARNING] Standard Doclet version 21.0.2+13-LTS-58
[WARNING] Building tree for all the packages and classes...
[WARNING] Generating /home/jorge-rodrigues/Desktop/2_ano/2_Semestre/sem4pi-2024-2025-sem4pi_2024_2025_g61/shodrone.backoffice/target/apidocs/ui/AdminUI.html...
[WARNING] Generating /home/jorge-rodrigues/Desktop/2_ano/2_Semestre/sem4pi-2024-2025-sem4pi_2024_2025_g61/shodrone.backoffice/target/apidocs/controller/AuthenticationController.html...
[WARNING] Generating /home/jorge-rodrigues/Desktop/2_ano/2_Semestre/sem4pi-2024-2025-sem4pi_2024_2025_g61/shodrone.backoffice/target/apidocs/persistence/jpa/AuthenticationRepository.html...
[WARNING] Generating /home/jorge-rodrigues/Desktop/2_ano/2_Semestre/sem4pi-2024-2025-sem4pi_2024_2025_g61/shodrone.backoffice/target/apidocs/persistence/jpa/JPAImpl/AuthenticationRepositoryJPAImpl.html...
[WARNING] Generating /home/jorge-rodrigues/Desktop/2_ano/2_Semestre/sem4pi-2024-2025-sem4pi_2024_2025_g61/shodrone.backoffice/target/apidocs/ui/authz/AuthenticationUI.html...
[WARNING] Generating /home/jorge-rodrigues/Desktop/2_ano/2_Semestre/sem4pi-2024-2025-sem4pi_2024_2025_g61/shodrone.backoffice/target/apidocs/Bootstrap.html...
[WARNING] Generating /home/jorge-rodrigues/Desktop/2_ano/2_Semestre/sem4pi-2024-2025-sem4pi_2024_2025_g61/shodrone.backoffice/target/apidocs/more/ColorfulOutput.html...
[WARNING] Generating /home/jorge-rodrigues/Desktop/2_ano/2_Semestre/sem4pi-2024-2025-sem4pi_2024_2025_g61/shodrone.backoffice/target/apidocs/domain/entity/Costumer.html...
[WARNING] Generating /home/jorge-rodrigues/Desktop/2_ano/2_Semestre/sem4pi-2024-2025-sem4pi_2024_2025_g61/shodrone.backoffice/target/apidocs/ui/CRMCollaboratorUI.html...
[WARNING] Generating /home/jorge-rodrigues/Desktop/2_ano/2_Semestre/sem4pi-2024-2025-sem4pi_2024_2025_g61/shodrone.backoffice/target/apidocs/ui/CRMManagerUI.html...
[WARNING] Generating /home/jorge-rodrigues/Desktop/2_ano/2_Semestre/sem4pi-2024-2025-sem4pi_2024_2025_g61/shodrone.backoffice/target/apidocs/ui/menu/DevTeamUI.html...
[WARNING] Generating /home/jorge-rodrigues/Desktop/2_ano/2_Semestre/sem4pi-2024-2025-sem4pi_2024_2025_g61/shodrone.backoffice/target/apidocs/authz/Email.html...
[WARNING] Generating /home/jorge-rodrigues/Desktop/2_ano/2_Semestre/sem4pi-2024-2025-sem4pi_2024_2025_g61/shodrone.backoffice/target/apidocs/persistence/jpa/JPAImpl/exampleJPAImpl.html...
[WARNING] Generating /home/jorge-rodrigues/Desktop/2_ano/2_Semestre/sem4pi-2024-2025-sem4pi_2024_2025_g61/shodrone.backoffice/target/apidocs/persistence/interfaces/exampleRepository.html...
[WARNING] Generating /home/jorge-rodrigues/Desktop/2_ano/2_Semestre/sem4pi-2024-2025-sem4pi_2024_2025_g61/shodrone.backoffice/target/apidocs/factories/FactoryProvider.html...
[WARNING] Generating /home/jorge-rodrigues/Desktop/2_ano/2_Semestre/sem4pi-2024-2025-sem4pi_2024_2025_g61/shodrone.backoffice/target/apidocs/domain/entity/Figure.html...
[WARNING] Generating /home/jorge-rodrigues/Desktop/2_ano/2_Semestre/sem4pi-2024-2025-sem4pi_2024_2025_g61/shodrone.backoffice/target/apidocs/persistence/jpa/JPAImpl/FigureRepositoryJPAImpl.html...
[WARNING] Generating /home/jorge-rodrigues/Desktop/2_ano/2_Semestre/sem4pi-2024-2025-sem4pi_2024_2025_g61/shodrone.backoffice/target/apidocs/persistence/jpa/GenericRepository.html...
[WARNING] Generating /home/jorge-rodrigues/Desktop/2_ano/2_Semestre/sem4pi-2024-2025-sem4pi_2024_2025_g61/shodrone.backoffice/target/apidocs/utils/HashCoder.html...
[WARNING] Generating /home/jorge-rodrigues/Desktop/2_ano/2_Semestre/sem4pi-2024-2025-sem4pi_2024_2025_g61/shodrone.backoffice/target/apidocs/utils/Immutable.html...
[WARNING] Generating /home/jorge-rodrigues/Desktop/2_ano/2_Semestre/sem4pi-2024-2025-sem4pi_2024_2025_g61/shodrone.backoffice/target/apidocs/persistence/inmemory/InMemoryAuthenticationRepository.html...
[WARNING] Generating /home/jorge-rodrigues/Desktop/2_ano/2_Semestre/sem4pi-2024-2025-sem4pi_2024_2025_g61/shodrone.backoffice/target/apidocs/persistence/inmemory/InMemoryShowRequestRepository.html...
[WARNING] Generating /home/jorge-rodrigues/Desktop/2_ano/2_Semestre/sem4pi-2024-2025-sem4pi_2024_2025_g61/shodrone.backoffice/target/apidocs/persistence/jpa/JpaBaseRepository.html...
[WARNING] Generating /home/jorge-rodrigues/Desktop/2_ano/2_Semestre/sem4pi-2024-2025-sem4pi_2024_2025_g61/shodrone.backoffice/target/apidocs/domain/valueObjects/Location.html...
[WARNING] Generating /home/jorge-rodrigues/Desktop/2_ano/2_Semestre/sem4pi-2024-2025-sem4pi_2024_2025_g61/shodrone.backoffice/target/apidocs/Main.html...
[WARNING] Generating /home/jorge-rodrigues/Desktop/2_ano/2_Semestre/sem4pi-2024-2025-sem4pi_2024_2025_g61/shodrone.backoffice/target/apidocs/ui/menu/MainMenuUI.html...
[WARNING] Generating /home/jorge-rodrigues/Desktop/2_ano/2_Semestre/sem4pi-2024-2025-sem4pi_2024_2025_g61/shodrone.backoffice/target/apidocs/ui/menu/MenuItem.html...
[WARNING] Generating /home/jorge-rodrigues/Desktop/2_ano/2_Semestre/sem4pi-2024-2025-sem4pi_2024_2025_g61/shodrone.backoffice/target/apidocs/authz/Password.html...
[WARNING] Generating /home/jorge-rodrigues/Desktop/2_ano/2_Semestre/sem4pi-2024-2025-sem4pi_2024_2025_g61/shodrone.backoffice/target/apidocs/ui/RegisterShowRequestUI.html...
[WARNING] Generating /home/jorge-rodrigues/Desktop/2_ano/2_Semestre/sem4pi-2024-2025-sem4pi_2024_2025_g61/shodrone.backoffice/target/apidocs/persistence/inmemory/Repositories.html...
[WARNING] Generating /home/jorge-rodrigues/Desktop/2_ano/2_Semestre/sem4pi-2024-2025-sem4pi_2024_2025_g61/shodrone.backoffice/target/apidocs/ui/RepresentativeUI.html...
[WARNING] Generating /home/jorge-rodrigues/Desktop/2_ano/2_Semestre/sem4pi-2024-2025-sem4pi_2024_2025_g61/shodrone.backoffice/target/apidocs/ui/ShowDesignerUI.html...
[WARNING] Generating /home/jorge-rodrigues/Desktop/2_ano/2_Semestre/sem4pi-2024-2025-sem4pi_2024_2025_g61/shodrone.backoffice/target/apidocs/domain/entity/ShowRequest.html...
[WARNING] Generating /home/jorge-rodrigues/Desktop/2_ano/2_Semestre/sem4pi-2024-2025-sem4pi_2024_2025_g61/shodrone.backoffice/target/apidocs/factories/impl/ShowRequestFactoryImpl.html...
[WARNING] Generating /home/jorge-rodrigues/Desktop/2_ano/2_Semestre/sem4pi-2024-2025-sem4pi_2024_2025_g61/shodrone.backoffice/target/apidocs/persistence/jpa/JPAImpl/ShowRequestJPAImpl.html...
[WARNING] Generating /home/jorge-rodrigues/Desktop/2_ano/2_Semestre/sem4pi-2024-2025-sem4pi_2024_2025_g61/shodrone.backoffice/target/apidocs/persistence/interfaces/ShowRequestRepository.html...
[WARNING] Generating /home/jorge-rodrigues/Desktop/2_ano/2_Semestre/sem4pi-2024-2025-sem4pi_2024_2025_g61/shodrone.backoffice/target/apidocs/domain/valueObjects/ShowRequestStatus.html...
[WARNING] Generating /home/jorge-rodrigues/Desktop/2_ano/2_Semestre/sem4pi-2024-2025-sem4pi_2024_2025_g61/shodrone.backoffice/target/apidocs/ui/menu/ShowTextUI.html...
[WARNING] Generating /home/jorge-rodrigues/Desktop/2_ano/2_Semestre/sem4pi-2024-2025-sem4pi_2024_2025_g61/shodrone.backoffice/target/apidocs/ui/menu/StartupMessageBackofficeUI.html...
[WARNING] Generating /home/jorge-rodrigues/Desktop/2_ano/2_Semestre/sem4pi-2024-2025-sem4pi_2024_2025_g61/shodrone.backoffice/target/apidocs/authz/User.html...
[WARNING] Generating /home/jorge-rodrigues/Desktop/2_ano/2_Semestre/sem4pi-2024-2025-sem4pi_2024_2025_g61/shodrone.backoffice/target/apidocs/authz/UserRepository.html...
[WARNING] Generating /home/jorge-rodrigues/Desktop/2_ano/2_Semestre/sem4pi-2024-2025-sem4pi_2024_2025_g61/shodrone.backoffice/target/apidocs/authz/UserRole.html...
[WARNING] Generating /home/jorge-rodrigues/Desktop/2_ano/2_Semestre/sem4pi-2024-2025-sem4pi_2024_2025_g61/shodrone.backoffice/target/apidocs/authz/UserRoleRepository.html...
[WARNING] Generating /home/jorge-rodrigues/Desktop/2_ano/2_Semestre/sem4pi-2024-2025-sem4pi_2024_2025_g61/shodrone.backoffice/target/apidocs/session/UserSession.html...
[WARNING] Generating /home/jorge-rodrigues/Desktop/2_ano/2_Semestre/sem4pi-2024-2025-sem4pi_2024_2025_g61/shodrone.backoffice/target/apidocs/utils/Utility.html...
[WARNING] Generating /home/jorge-rodrigues/Desktop/2_ano/2_Semestre/sem4pi-2024-2025-sem4pi_2024_2025_g61/shodrone.backoffice/target/apidocs/utils/Utils.html...
[WARNING] Generating /home/jorge-rodrigues/Desktop/2_ano/2_Semestre/sem4pi-2024-2025-sem4pi_2024_2025_g61/shodrone.backoffice/target/apidocs/package-summary.html...
[WARNING] Generating /home/jorge-rodrigues/Desktop/2_ano/2_Semestre/sem4pi-2024-2025-sem4pi_2024_2025_g61/shodrone.backoffice/target/apidocs/package-tree.html...
[WARNING] Generating /home/jorge-rodrigues/Desktop/2_ano/2_Semestre/sem4pi-2024-2025-sem4pi_2024_2025_g61/shodrone.backoffice/target/apidocs/authz/package-summary.html...
[WARNING] Generating /home/jorge-rodrigues/Desktop/2_ano/2_Semestre/sem4pi-2024-2025-sem4pi_2024_2025_g61/shodrone.backoffice/target/apidocs/authz/package-tree.html...
[WARNING] Generating /home/jorge-rodrigues/Desktop/2_ano/2_Semestre/sem4pi-2024-2025-sem4pi_2024_2025_g61/shodrone.backoffice/target/apidocs/controller/package-summary.html...
[WARNING] Generating /home/jorge-rodrigues/Desktop/2_ano/2_Semestre/sem4pi-2024-2025-sem4pi_2024_2025_g61/shodrone.backoffice/target/apidocs/controller/package-tree.html...
[WARNING] Generating /home/jorge-rodrigues/Desktop/2_ano/2_Semestre/sem4pi-2024-2025-sem4pi_2024_2025_g61/shodrone.backoffice/target/apidocs/domain/entity/package-summary.html...
[WARNING] Generating /home/jorge-rodrigues/Desktop/2_ano/2_Semestre/sem4pi-2024-2025-sem4pi_2024_2025_g61/shodrone.backoffice/target/apidocs/domain/entity/package-tree.html...
[WARNING] Generating /home/jorge-rodrigues/Desktop/2_ano/2_Semestre/sem4pi-2024-2025-sem4pi_2024_2025_g61/shodrone.backoffice/target/apidocs/domain/valueObjects/package-summary.html...
[WARNING] Generating /home/jorge-rodrigues/Desktop/2_ano/2_Semestre/sem4pi-2024-2025-sem4pi_2024_2025_g61/shodrone.backoffice/target/apidocs/domain/valueObjects/package-tree.html...
[WARNING] Generating /home/jorge-rodrigues/Desktop/2_ano/2_Semestre/sem4pi-2024-2025-sem4pi_2024_2025_g61/shodrone.backoffice/target/apidocs/factories/package-summary.html...
[WARNING] Generating /home/jorge-rodrigues/Desktop/2_ano/2_Semestre/sem4pi-2024-2025-sem4pi_2024_2025_g61/shodrone.backoffice/target/apidocs/factories/package-tree.html...
[WARNING] Generating /home/jorge-rodrigues/Desktop/2_ano/2_Semestre/sem4pi-2024-2025-sem4pi_2024_2025_g61/shodrone.backoffice/target/apidocs/factories/impl/package-summary.html...
[WARNING] Generating /home/jorge-rodrigues/Desktop/2_ano/2_Semestre/sem4pi-2024-2025-sem4pi_2024_2025_g61/shodrone.backoffice/target/apidocs/factories/impl/package-tree.html...
[WARNING] Generating /home/jorge-rodrigues/Desktop/2_ano/2_Semestre/sem4pi-2024-2025-sem4pi_2024_2025_g61/shodrone.backoffice/target/apidocs/more/package-summary.html...
[WARNING] Generating /home/jorge-rodrigues/Desktop/2_ano/2_Semestre/sem4pi-2024-2025-sem4pi_2024_2025_g61/shodrone.backoffice/target/apidocs/more/package-tree.html...
[WARNING] Generating /home/jorge-rodrigues/Desktop/2_ano/2_Semestre/sem4pi-2024-2025-sem4pi_2024_2025_g61/shodrone.backoffice/target/apidocs/persistence/inmemory/package-summary.html...
[WARNING] Generating /home/jorge-rodrigues/Desktop/2_ano/2_Semestre/sem4pi-2024-2025-sem4pi_2024_2025_g61/shodrone.backoffice/target/apidocs/persistence/inmemory/package-tree.html...
[WARNING] Generating /home/jorge-rodrigues/Desktop/2_ano/2_Semestre/sem4pi-2024-2025-sem4pi_2024_2025_g61/shodrone.backoffice/target/apidocs/persistence/interfaces/package-summary.html...
[WARNING] Generating /home/jorge-rodrigues/Desktop/2_ano/2_Semestre/sem4pi-2024-2025-sem4pi_2024_2025_g61/shodrone.backoffice/target/apidocs/persistence/interfaces/package-tree.html...
[WARNING] Generating /home/jorge-rodrigues/Desktop/2_ano/2_Semestre/sem4pi-2024-2025-sem4pi_2024_2025_g61/shodrone.backoffice/target/apidocs/persistence/jpa/package-summary.html...
[WARNING] Generating /home/jorge-rodrigues/Desktop/2_ano/2_Semestre/sem4pi-2024-2025-sem4pi_2024_2025_g61/shodrone.backoffice/target/apidocs/persistence/jpa/package-tree.html...
[WARNING] Generating /home/jorge-rodrigues/Desktop/2_ano/2_Semestre/sem4pi-2024-2025-sem4pi_2024_2025_g61/shodrone.backoffice/target/apidocs/persistence/jpa/JPAImpl/package-summary.html...
[WARNING] Generating /home/jorge-rodrigues/Desktop/2_ano/2_Semestre/sem4pi-2024-2025-sem4pi_2024_2025_g61/shodrone.backoffice/target/apidocs/persistence/jpa/JPAImpl/package-tree.html...
[WARNING] Generating /home/jorge-rodrigues/Desktop/2_ano/2_Semestre/sem4pi-2024-2025-sem4pi_2024_2025_g61/shodrone.backoffice/target/apidocs/session/package-summary.html...
[WARNING] Generating /home/jorge-rodrigues/Desktop/2_ano/2_Semestre/sem4pi-2024-2025-sem4pi_2024_2025_g61/shodrone.backoffice/target/apidocs/session/package-tree.html...
[WARNING] Generating /home/jorge-rodrigues/Desktop/2_ano/2_Semestre/sem4pi-2024-2025-sem4pi_2024_2025_g61/shodrone.backoffice/target/apidocs/ui/package-summary.html...
[WARNING] Generating /home/jorge-rodrigues/Desktop/2_ano/2_Semestre/sem4pi-2024-2025-sem4pi_2024_2025_g61/shodrone.backoffice/target/apidocs/ui/package-tree.html...
[WARNING] Generating /home/jorge-rodrigues/Desktop/2_ano/2_Semestre/sem4pi-2024-2025-sem4pi_2024_2025_g61/shodrone.backoffice/target/apidocs/ui/authz/package-summary.html...
[WARNING] Generating /home/jorge-rodrigues/Desktop/2_ano/2_Semestre/sem4pi-2024-2025-sem4pi_2024_2025_g61/shodrone.backoffice/target/apidocs/ui/authz/package-tree.html...
[WARNING] Generating /home/jorge-rodrigues/Desktop/2_ano/2_Semestre/sem4pi-2024-2025-sem4pi_2024_2025_g61/shodrone.backoffice/target/apidocs/ui/menu/package-summary.html...
[WARNING] Generating /home/jorge-rodrigues/Desktop/2_ano/2_Semestre/sem4pi-2024-2025-sem4pi_2024_2025_g61/shodrone.backoffice/target/apidocs/ui/menu/package-tree.html...
[WARNING] Generating /home/jorge-rodrigues/Desktop/2_ano/2_Semestre/sem4pi-2024-2025-sem4pi_2024_2025_g61/shodrone.backoffice/target/apidocs/utils/package-summary.html...
[WARNING] Generating /home/jorge-rodrigues/Desktop/2_ano/2_Semestre/sem4pi-2024-2025-sem4pi_2024_2025_g61/shodrone.backoffice/target/apidocs/utils/package-tree.html...
[WARNING] Generating /home/jorge-rodrigues/Desktop/2_ano/2_Semestre/sem4pi-2024-2025-sem4pi_2024_2025_g61/shodrone.backoffice/target/apidocs/constant-values.html...
[WARNING] Generating /home/jorge-rodrigues/Desktop/2_ano/2_Semestre/sem4pi-2024-2025-sem4pi_2024_2025_g61/shodrone.backoffice/target/apidocs/serialized-form.html...
[WARNING] Generating /home/jorge-rodrigues/Desktop/2_ano/2_Semestre/sem4pi-2024-2025-sem4pi_2024_2025_g61/shodrone.backoffice/target/apidocs/factories/class-use/FactoryProvider.html...
[WARNING] Generating /home/jorge-rodrigues/Desktop/2_ano/2_Semestre/sem4pi-2024-2025-sem4pi_2024_2025_g61/shodrone.backoffice/target/apidocs/factories/impl/class-use/ShowRequestFactoryImpl.html...
[WARNING] Generating /home/jorge-rodrigues/Desktop/2_ano/2_Semestre/sem4pi-2024-2025-sem4pi_2024_2025_g61/shodrone.backoffice/target/apidocs/controller/class-use/AuthenticationController.html...
[WARNING] Generating /home/jorge-rodrigues/Desktop/2_ano/2_Semestre/sem4pi-2024-2025-sem4pi_2024_2025_g61/shodrone.backoffice/target/apidocs/more/class-use/ColorfulOutput.html...
[WARNING] Generating /home/jorge-rodrigues/Desktop/2_ano/2_Semestre/sem4pi-2024-2025-sem4pi_2024_2025_g61/shodrone.backoffice/target/apidocs/authz/class-use/Password.html...
[WARNING] Generating /home/jorge-rodrigues/Desktop/2_ano/2_Semestre/sem4pi-2024-2025-sem4pi_2024_2025_g61/shodrone.backoffice/target/apidocs/authz/class-use/UserRepository.html...
[WARNING] Generating /home/jorge-rodrigues/Desktop/2_ano/2_Semestre/sem4pi-2024-2025-sem4pi_2024_2025_g61/shodrone.backoffice/target/apidocs/authz/class-use/Email.html...
[WARNING] Generating /home/jorge-rodrigues/Desktop/2_ano/2_Semestre/sem4pi-2024-2025-sem4pi_2024_2025_g61/shodrone.backoffice/target/apidocs/authz/class-use/UserRoleRepository.html...
[WARNING] Generating /home/jorge-rodrigues/Desktop/2_ano/2_Semestre/sem4pi-2024-2025-sem4pi_2024_2025_g61/shodrone.backoffice/target/apidocs/authz/class-use/User.html...
[WARNING] Generating /home/jorge-rodrigues/Desktop/2_ano/2_Semestre/sem4pi-2024-2025-sem4pi_2024_2025_g61/shodrone.backoffice/target/apidocs/authz/class-use/UserRole.html...
[WARNING] Generating /home/jorge-rodrigues/Desktop/2_ano/2_Semestre/sem4pi-2024-2025-sem4pi_2024_2025_g61/shodrone.backoffice/target/apidocs/session/class-use/UserSession.html...
[WARNING] Generating /home/jorge-rodrigues/Desktop/2_ano/2_Semestre/sem4pi-2024-2025-sem4pi_2024_2025_g61/shodrone.backoffice/target/apidocs/persistence/interfaces/class-use/ShowRequestRepository.html...
[WARNING] Generating /home/jorge-rodrigues/Desktop/2_ano/2_Semestre/sem4pi-2024-2025-sem4pi_2024_2025_g61/shodrone.backoffice/target/apidocs/persistence/interfaces/class-use/exampleRepository.html...
[WARNING] Generating /home/jorge-rodrigues/Desktop/2_ano/2_Semestre/sem4pi-2024-2025-sem4pi_2024_2025_g61/shodrone.backoffice/target/apidocs/persistence/jpa/class-use/GenericRepository.html...
[WARNING] Generating /home/jorge-rodrigues/Desktop/2_ano/2_Semestre/sem4pi-2024-2025-sem4pi_2024_2025_g61/shodrone.backoffice/target/apidocs/persistence/jpa/class-use/AuthenticationRepository.html...
[WARNING] Generating /home/jorge-rodrigues/Desktop/2_ano/2_Semestre/sem4pi-2024-2025-sem4pi_2024_2025_g61/shodrone.backoffice/target/apidocs/persistence/jpa/class-use/JpaBaseRepository.html...
[WARNING] Generating /home/jorge-rodrigues/Desktop/2_ano/2_Semestre/sem4pi-2024-2025-sem4pi_2024_2025_g61/shodrone.backoffice/target/apidocs/persistence/jpa/JPAImpl/class-use/FigureRepositoryJPAImpl.html...
[WARNING] Generating /home/jorge-rodrigues/Desktop/2_ano/2_Semestre/sem4pi-2024-2025-sem4pi_2024_2025_g61/shodrone.backoffice/target/apidocs/persistence/jpa/JPAImpl/class-use/AuthenticationRepositoryJPAImpl.html...
[WARNING] Generating /home/jorge-rodrigues/Desktop/2_ano/2_Semestre/sem4pi-2024-2025-sem4pi_2024_2025_g61/shodrone.backoffice/target/apidocs/persistence/jpa/JPAImpl/class-use/ShowRequestJPAImpl.html...
[WARNING] Generating /home/jorge-rodrigues/Desktop/2_ano/2_Semestre/sem4pi-2024-2025-sem4pi_2024_2025_g61/shodrone.backoffice/target/apidocs/persistence/jpa/JPAImpl/class-use/exampleJPAImpl.html...
[WARNING] Generating /home/jorge-rodrigues/Desktop/2_ano/2_Semestre/sem4pi-2024-2025-sem4pi_2024_2025_g61/shodrone.backoffice/target/apidocs/persistence/inmemory/class-use/InMemoryShowRequestRepository.html...
[WARNING] Generating /home/jorge-rodrigues/Desktop/2_ano/2_Semestre/sem4pi-2024-2025-sem4pi_2024_2025_g61/shodrone.backoffice/target/apidocs/persistence/inmemory/class-use/InMemoryAuthenticationRepository.html...
[WARNING] Generating /home/jorge-rodrigues/Desktop/2_ano/2_Semestre/sem4pi-2024-2025-sem4pi_2024_2025_g61/shodrone.backoffice/target/apidocs/persistence/inmemory/class-use/Repositories.html...
[WARNING] Generating /home/jorge-rodrigues/Desktop/2_ano/2_Semestre/sem4pi-2024-2025-sem4pi_2024_2025_g61/shodrone.backoffice/target/apidocs/utils/class-use/Immutable.html...
[WARNING] Generating /home/jorge-rodrigues/Desktop/2_ano/2_Semestre/sem4pi-2024-2025-sem4pi_2024_2025_g61/shodrone.backoffice/target/apidocs/utils/class-use/Utils.html...
[WARNING] Generating /home/jorge-rodrigues/Desktop/2_ano/2_Semestre/sem4pi-2024-2025-sem4pi_2024_2025_g61/shodrone.backoffice/target/apidocs/utils/class-use/HashCoder.html...
[WARNING] Generating /home/jorge-rodrigues/Desktop/2_ano/2_Semestre/sem4pi-2024-2025-sem4pi_2024_2025_g61/shodrone.backoffice/target/apidocs/utils/class-use/Utility.html...
[WARNING] Generating /home/jorge-rodrigues/Desktop/2_ano/2_Semestre/sem4pi-2024-2025-sem4pi_2024_2025_g61/shodrone.backoffice/target/apidocs/domain/valueObjects/class-use/ShowRequestStatus.html...
[WARNING] Generating /home/jorge-rodrigues/Desktop/2_ano/2_Semestre/sem4pi-2024-2025-sem4pi_2024_2025_g61/shodrone.backoffice/target/apidocs/domain/valueObjects/class-use/Location.html...
[WARNING] Generating /home/jorge-rodrigues/Desktop/2_ano/2_Semestre/sem4pi-2024-2025-sem4pi_2024_2025_g61/shodrone.backoffice/target/apidocs/domain/entity/class-use/ShowRequest.html...
[WARNING] Generating /home/jorge-rodrigues/Desktop/2_ano/2_Semestre/sem4pi-2024-2025-sem4pi_2024_2025_g61/shodrone.backoffice/target/apidocs/domain/entity/class-use/Figure.html...
[WARNING] Generating /home/jorge-rodrigues/Desktop/2_ano/2_Semestre/sem4pi-2024-2025-sem4pi_2024_2025_g61/shodrone.backoffice/target/apidocs/domain/entity/class-use/Costumer.html...
[WARNING] Generating /home/jorge-rodrigues/Desktop/2_ano/2_Semestre/sem4pi-2024-2025-sem4pi_2024_2025_g61/shodrone.backoffice/target/apidocs/ui/class-use/RegisterShowRequestUI.html...
[WARNING] Generating /home/jorge-rodrigues/Desktop/2_ano/2_Semestre/sem4pi-2024-2025-sem4pi_2024_2025_g61/shodrone.backoffice/target/apidocs/ui/class-use/CRMCollaboratorUI.html...
[WARNING] Generating /home/jorge-rodrigues/Desktop/2_ano/2_Semestre/sem4pi-2024-2025-sem4pi_2024_2025_g61/shodrone.backoffice/target/apidocs/ui/class-use/CRMManagerUI.html...
[WARNING] Generating /home/jorge-rodrigues/Desktop/2_ano/2_Semestre/sem4pi-2024-2025-sem4pi_2024_2025_g61/shodrone.backoffice/target/apidocs/ui/class-use/RepresentativeUI.html...
[WARNING] Generating /home/jorge-rodrigues/Desktop/2_ano/2_Semestre/sem4pi-2024-2025-sem4pi_2024_2025_g61/shodrone.backoffice/target/apidocs/ui/class-use/AdminUI.html...
[WARNING] Generating /home/jorge-rodrigues/Desktop/2_ano/2_Semestre/sem4pi-2024-2025-sem4pi_2024_2025_g61/shodrone.backoffice/target/apidocs/ui/class-use/ShowDesignerUI.html...
[WARNING] Generating /home/jorge-rodrigues/Desktop/2_ano/2_Semestre/sem4pi-2024-2025-sem4pi_2024_2025_g61/shodrone.backoffice/target/apidocs/ui/authz/class-use/AuthenticationUI.html...
[WARNING] Generating /home/jorge-rodrigues/Desktop/2_ano/2_Semestre/sem4pi-2024-2025-sem4pi_2024_2025_g61/shodrone.backoffice/target/apidocs/ui/menu/class-use/MenuItem.html...
[WARNING] Generating /home/jorge-rodrigues/Desktop/2_ano/2_Semestre/sem4pi-2024-2025-sem4pi_2024_2025_g61/shodrone.backoffice/target/apidocs/ui/menu/class-use/StartupMessageBackofficeUI.html...
[WARNING] Generating /home/jorge-rodrigues/Desktop/2_ano/2_Semestre/sem4pi-2024-2025-sem4pi_2024_2025_g61/shodrone.backoffice/target/apidocs/ui/menu/class-use/MainMenuUI.html...
[WARNING] Generating /home/jorge-rodrigues/Desktop/2_ano/2_Semestre/sem4pi-2024-2025-sem4pi_2024_2025_g61/shodrone.backoffice/target/apidocs/ui/menu/class-use/ShowTextUI.html...
[WARNING] Generating /home/jorge-rodrigues/Desktop/2_ano/2_Semestre/sem4pi-2024-2025-sem4pi_2024_2025_g61/shodrone.backoffice/target/apidocs/ui/menu/class-use/DevTeamUI.html...
[WARNING] Generating /home/jorge-rodrigues/Desktop/2_ano/2_Semestre/sem4pi-2024-2025-sem4pi_2024_2025_g61/shodrone.backoffice/target/apidocs/class-use/Main.html...
[WARNING] Generating /home/jorge-rodrigues/Desktop/2_ano/2_Semestre/sem4pi-2024-2025-sem4pi_2024_2025_g61/shodrone.backoffice/target/apidocs/class-use/Bootstrap.html...
[WARNING] Generating /home/jorge-rodrigues/Desktop/2_ano/2_Semestre/sem4pi-2024-2025-sem4pi_2024_2025_g61/shodrone.backoffice/target/apidocs/package-use.html...
[WARNING] Generating /home/jorge-rodrigues/Desktop/2_ano/2_Semestre/sem4pi-2024-2025-sem4pi_2024_2025_g61/shodrone.backoffice/target/apidocs/authz/package-use.html...
[WARNING] Generating /home/jorge-rodrigues/Desktop/2_ano/2_Semestre/sem4pi-2024-2025-sem4pi_2024_2025_g61/shodrone.backoffice/target/apidocs/controller/package-use.html...
[WARNING] Generating /home/jorge-rodrigues/Desktop/2_ano/2_Semestre/sem4pi-2024-2025-sem4pi_2024_2025_g61/shodrone.backoffice/target/apidocs/domain/entity/package-use.html...
[WARNING] Generating /home/jorge-rodrigues/Desktop/2_ano/2_Semestre/sem4pi-2024-2025-sem4pi_2024_2025_g61/shodrone.backoffice/target/apidocs/domain/valueObjects/package-use.html...
[WARNING] Generating /home/jorge-rodrigues/Desktop/2_ano/2_Semestre/sem4pi-2024-2025-sem4pi_2024_2025_g61/shodrone.backoffice/target/apidocs/factories/package-use.html...
[WARNING] Generating /home/jorge-rodrigues/Desktop/2_ano/2_Semestre/sem4pi-2024-2025-sem4pi_2024_2025_g61/shodrone.backoffice/target/apidocs/factories/impl/package-use.html...
[WARNING] Generating /home/jorge-rodrigues/Desktop/2_ano/2_Semestre/sem4pi-2024-2025-sem4pi_2024_2025_g61/shodrone.backoffice/target/apidocs/more/package-use.html...
[WARNING] Generating /home/jorge-rodrigues/Desktop/2_ano/2_Semestre/sem4pi-2024-2025-sem4pi_2024_2025_g61/shodrone.backoffice/target/apidocs/persistence/inmemory/package-use.html...
[WARNING] Generating /home/jorge-rodrigues/Desktop/2_ano/2_Semestre/sem4pi-2024-2025-sem4pi_2024_2025_g61/shodrone.backoffice/target/apidocs/persistence/interfaces/package-use.html...
[WARNING] Generating /home/jorge-rodrigues/Desktop/2_ano/2_Semestre/sem4pi-2024-2025-sem4pi_2024_2025_g61/shodrone.backoffice/target/apidocs/persistence/jpa/package-use.html...
[WARNING] Generating /home/jorge-rodrigues/Desktop/2_ano/2_Semestre/sem4pi-2024-2025-sem4pi_2024_2025_g61/shodrone.backoffice/target/apidocs/persistence/jpa/JPAImpl/package-use.html...
[WARNING] Generating /home/jorge-rodrigues/Desktop/2_ano/2_Semestre/sem4pi-2024-2025-sem4pi_2024_2025_g61/shodrone.backoffice/target/apidocs/session/package-use.html...
[WARNING] Generating /home/jorge-rodrigues/Desktop/2_ano/2_Semestre/sem4pi-2024-2025-sem4pi_2024_2025_g61/shodrone.backoffice/target/apidocs/ui/package-use.html...
[WARNING] Generating /home/jorge-rodrigues/Desktop/2_ano/2_Semestre/sem4pi-2024-2025-sem4pi_2024_2025_g61/shodrone.backoffice/target/apidocs/ui/authz/package-use.html...
[WARNING] Generating /home/jorge-rodrigues/Desktop/2_ano/2_Semestre/sem4pi-2024-2025-sem4pi_2024_2025_g61/shodrone.backoffice/target/apidocs/ui/menu/package-use.html...
[WARNING] Generating /home/jorge-rodrigues/Desktop/2_ano/2_Semestre/sem4pi-2024-2025-sem4pi_2024_2025_g61/shodrone.backoffice/target/apidocs/utils/package-use.html...
[WARNING] Generating /home/jorge-rodrigues/Desktop/2_ano/2_Semestre/sem4pi-2024-2025-sem4pi_2024_2025_g61/shodrone.backoffice/target/apidocs/overview-tree.html...
[WARNING] Generating /home/jorge-rodrigues/Desktop/2_ano/2_Semestre/sem4pi-2024-2025-sem4pi_2024_2025_g61/shodrone.backoffice/target/apidocs/index.html...
[WARNING] Building index for all classes...
[WARNING] Generating /home/jorge-rodrigues/Desktop/2_ano/2_Semestre/sem4pi-2024-2025-sem4pi_2024_2025_g61/shodrone.backoffice/target/apidocs/allclasses-index.html...
[WARNING] Generating /home/jorge-rodrigues/Desktop/2_ano/2_Semestre/sem4pi-2024-2025-sem4pi_2024_2025_g61/shodrone.backoffice/target/apidocs/allpackages-index.html...
[WARNING] Generating /home/jorge-rodrigues/Desktop/2_ano/2_Semestre/sem4pi-2024-2025-sem4pi_2024_2025_g61/shodrone.backoffice/target/apidocs/index-all.html...
[WARNING] Generating /home/jorge-rodrigues/Desktop/2_ano/2_Semestre/sem4pi-2024-2025-sem4pi_2024_2025_g61/shodrone.backoffice/target/apidocs/search.html...
[WARNING] Generating /home/jorge-rodrigues/Desktop/2_ano/2_Semestre/sem4pi-2024-2025-sem4pi_2024_2025_g61/shodrone.backoffice/target/apidocs/overview-summary.html...
[WARNING] Generating /home/jorge-rodrigues/Desktop/2_ano/2_Semestre/sem4pi-2024-2025-sem4pi_2024_2025_g61/shodrone.backoffice/target/apidocs/help-doc.html...
[WARNING] Note: Generating /home/jorge-rodrigues/Desktop/2_ano/2_Semestre/sem4pi-2024-2025-sem4pi_2024_2025_g61/shodrone.backoffice/target/apidocs/factories/package.svg...
[WARNING] Note: Generating /home/jorge-rodrigues/Desktop/2_ano/2_Semestre/sem4pi-2024-2025-sem4pi_2024_2025_g61/shodrone.backoffice/target/apidocs/factories/impl/package.svg...
[WARNING] Note: Generating /home/jorge-rodrigues/Desktop/2_ano/2_Semestre/sem4pi-2024-2025-sem4pi_2024_2025_g61/shodrone.backoffice/target/apidocs/controller/package.svg...
[WARNING] Note: Generating /home/jorge-rodrigues/Desktop/2_ano/2_Semestre/sem4pi-2024-2025-sem4pi_2024_2025_g61/shodrone.backoffice/target/apidocs/more/package.svg...
[WARNING] Note: Generating /home/jorge-rodrigues/Desktop/2_ano/2_Semestre/sem4pi-2024-2025-sem4pi_2024_2025_g61/shodrone.backoffice/target/apidocs/authz/package.svg...
[WARNING] Note: Generating /home/jorge-rodrigues/Desktop/2_ano/2_Semestre/sem4pi-2024-2025-sem4pi_2024_2025_g61/shodrone.backoffice/target/apidocs/session/package.svg...
[WARNING] Note: Generating /home/jorge-rodrigues/Desktop/2_ano/2_Semestre/sem4pi-2024-2025-sem4pi_2024_2025_g61/shodrone.backoffice/target/apidocs/persistence/interfaces/package.svg...
[WARNING] Note: Generating /home/jorge-rodrigues/Desktop/2_ano/2_Semestre/sem4pi-2024-2025-sem4pi_2024_2025_g61/shodrone.backoffice/target/apidocs/persistence/jpa/package.svg...
[WARNING] Note: Generating /home/jorge-rodrigues/Desktop/2_ano/2_Semestre/sem4pi-2024-2025-sem4pi_2024_2025_g61/shodrone.backoffice/target/apidocs/persistence/jpa/JPAImpl/package.svg...
[WARNING] Note: Generating /home/jorge-rodrigues/Desktop/2_ano/2_Semestre/sem4pi-2024-2025-sem4pi_2024_2025_g61/shodrone.backoffice/target/apidocs/persistence/inmemory/package.svg...
[WARNING] Note: Generating /home/jorge-rodrigues/Desktop/2_ano/2_Semestre/sem4pi-2024-2025-sem4pi_2024_2025_g61/shodrone.backoffice/target/apidocs/utils/package.svg...
[WARNING] Note: Generating /home/jorge-rodrigues/Desktop/2_ano/2_Semestre/sem4pi-2024-2025-sem4pi_2024_2025_g61/shodrone.backoffice/target/apidocs/domain/valueObjects/package.svg...
[WARNING] Note: Generating /home/jorge-rodrigues/Desktop/2_ano/2_Semestre/sem4pi-2024-2025-sem4pi_2024_2025_g61/shodrone.backoffice/target/apidocs/domain/entity/package.svg...
[WARNING] Note: Generating /home/jorge-rodrigues/Desktop/2_ano/2_Semestre/sem4pi-2024-2025-sem4pi_2024_2025_g61/shodrone.backoffice/target/apidocs/ui/package.svg...
[WARNING] Note: Generating /home/jorge-rodrigues/Desktop/2_ano/2_Semestre/sem4pi-2024-2025-sem4pi_2024_2025_g61/shodrone.backoffice/target/apidocs/ui/authz/package.svg...
[WARNING] Note: Generating /home/jorge-rodrigues/Desktop/2_ano/2_Semestre/sem4pi-2024-2025-sem4pi_2024_2025_g61/shodrone.backoffice/target/apidocs/ui/menu/package.svg...
[WARNING] Note: Generating /home/jorge-rodrigues/Desktop/2_ano/2_Semestre/sem4pi-2024-2025-sem4pi_2024_2025_g61/shodrone.backoffice/target/apidocs/package.svg...
[WARNING] Note: Generating /home/jorge-rodrigues/Desktop/2_ano/2_Semestre/sem4pi-2024-2025-sem4pi_2024_2025_g61/shodrone.backoffice/target/apidocs/factories/FactoryProvider.svg...
[WARNING] Note: Generating /home/jorge-rodrigues/Desktop/2_ano/2_Semestre/sem4pi-2024-2025-sem4pi_2024_2025_g61/shodrone.backoffice/target/apidocs/factories/impl/ShowRequestFactoryImpl.svg...
[WARNING] Note: Generating /home/jorge-rodrigues/Desktop/2_ano/2_Semestre/sem4pi-2024-2025-sem4pi_2024_2025_g61/shodrone.backoffice/target/apidocs/controller/AuthenticationController.svg...
[WARNING] Note: Generating /home/jorge-rodrigues/Desktop/2_ano/2_Semestre/sem4pi-2024-2025-sem4pi_2024_2025_g61/shodrone.backoffice/target/apidocs/more/ColorfulOutput.svg...
[WARNING] Note: Generating /home/jorge-rodrigues/Desktop/2_ano/2_Semestre/sem4pi-2024-2025-sem4pi_2024_2025_g61/shodrone.backoffice/target/apidocs/authz/Password.svg...
[WARNING] Note: Generating /home/jorge-rodrigues/Desktop/2_ano/2_Semestre/sem4pi-2024-2025-sem4pi_2024_2025_g61/shodrone.backoffice/target/apidocs/authz/UserRepository.svg...
[WARNING] Note: Generating /home/jorge-rodrigues/Desktop/2_ano/2_Semestre/sem4pi-2024-2025-sem4pi_2024_2025_g61/shodrone.backoffice/target/apidocs/authz/Email.svg...
[WARNING] Note: Generating /home/jorge-rodrigues/Desktop/2_ano/2_Semestre/sem4pi-2024-2025-sem4pi_2024_2025_g61/shodrone.backoffice/target/apidocs/authz/UserRoleRepository.svg...
[WARNING] Note: Generating /home/jorge-rodrigues/Desktop/2_ano/2_Semestre/sem4pi-2024-2025-sem4pi_2024_2025_g61/shodrone.backoffice/target/apidocs/authz/User.svg...
[WARNING] Note: Generating /home/jorge-rodrigues/Desktop/2_ano/2_Semestre/sem4pi-2024-2025-sem4pi_2024_2025_g61/shodrone.backoffice/target/apidocs/authz/UserRole.svg...
[WARNING] Note: Generating /home/jorge-rodrigues/Desktop/2_ano/2_Semestre/sem4pi-2024-2025-sem4pi_2024_2025_g61/shodrone.backoffice/target/apidocs/session/UserSession.svg...
[WARNING] Note: Generating /home/jorge-rodrigues/Desktop/2_ano/2_Semestre/sem4pi-2024-2025-sem4pi_2024_2025_g61/shodrone.backoffice/target/apidocs/persistence/interfaces/ShowRequestRepository.svg...
[WARNING] Note: Generating /home/jorge-rodrigues/Desktop/2_ano/2_Semestre/sem4pi-2024-2025-sem4pi_2024_2025_g61/shodrone.backoffice/target/apidocs/persistence/interfaces/exampleRepository.svg...
[WARNING] Note: Generating /home/jorge-rodrigues/Desktop/2_ano/2_Semestre/sem4pi-2024-2025-sem4pi_2024_2025_g61/shodrone.backoffice/target/apidocs/persistence/jpa/GenericRepository.svg...
[WARNING] Note: Generating /home/jorge-rodrigues/Desktop/2_ano/2_Semestre/sem4pi-2024-2025-sem4pi_2024_2025_g61/shodrone.backoffice/target/apidocs/persistence/jpa/AuthenticationRepository.svg...
[WARNING] Note: Generating /home/jorge-rodrigues/Desktop/2_ano/2_Semestre/sem4pi-2024-2025-sem4pi_2024_2025_g61/shodrone.backoffice/target/apidocs/persistence/jpa/JpaBaseRepository.svg...
[WARNING] Note: Generating /home/jorge-rodrigues/Desktop/2_ano/2_Semestre/sem4pi-2024-2025-sem4pi_2024_2025_g61/shodrone.backoffice/target/apidocs/persistence/jpa/JPAImpl/FigureRepositoryJPAImpl.svg...
[WARNING] Note: Generating /home/jorge-rodrigues/Desktop/2_ano/2_Semestre/sem4pi-2024-2025-sem4pi_2024_2025_g61/shodrone.backoffice/target/apidocs/persistence/jpa/JPAImpl/AuthenticationRepositoryJPAImpl.svg...
[WARNING] Note: Generating /home/jorge-rodrigues/Desktop/2_ano/2_Semestre/sem4pi-2024-2025-sem4pi_2024_2025_g61/shodrone.backoffice/target/apidocs/persistence/jpa/JPAImpl/ShowRequestJPAImpl.svg...
[WARNING] Note: Generating /home/jorge-rodrigues/Desktop/2_ano/2_Semestre/sem4pi-2024-2025-sem4pi_2024_2025_g61/shodrone.backoffice/target/apidocs/persistence/jpa/JPAImpl/exampleJPAImpl.svg...
[WARNING] Note: Generating /home/jorge-rodrigues/Desktop/2_ano/2_Semestre/sem4pi-2024-2025-sem4pi_2024_2025_g61/shodrone.backoffice/target/apidocs/persistence/inmemory/InMemoryShowRequestRepository.svg...
[WARNING] Note: Generating /home/jorge-rodrigues/Desktop/2_ano/2_Semestre/sem4pi-2024-2025-sem4pi_2024_2025_g61/shodrone.backoffice/target/apidocs/persistence/inmemory/InMemoryAuthenticationRepository.svg...
[WARNING] Note: Generating /home/jorge-rodrigues/Desktop/2_ano/2_Semestre/sem4pi-2024-2025-sem4pi_2024_2025_g61/shodrone.backoffice/target/apidocs/persistence/inmemory/Repositories.svg...
[WARNING] Note: Generating /home/jorge-rodrigues/Desktop/2_ano/2_Semestre/sem4pi-2024-2025-sem4pi_2024_2025_g61/shodrone.backoffice/target/apidocs/utils/Immutable.svg...
[WARNING] Note: Generating /home/jorge-rodrigues/Desktop/2_ano/2_Semestre/sem4pi-2024-2025-sem4pi_2024_2025_g61/shodrone.backoffice/target/apidocs/utils/Utils.svg...
[WARNING] Note: Generating /home/jorge-rodrigues/Desktop/2_ano/2_Semestre/sem4pi-2024-2025-sem4pi_2024_2025_g61/shodrone.backoffice/target/apidocs/utils/HashCoder.svg...
[WARNING] Note: Generating /home/jorge-rodrigues/Desktop/2_ano/2_Semestre/sem4pi-2024-2025-sem4pi_2024_2025_g61/shodrone.backoffice/target/apidocs/utils/Utility.svg...
[WARNING] Note: Generating /home/jorge-rodrigues/Desktop/2_ano/2_Semestre/sem4pi-2024-2025-sem4pi_2024_2025_g61/shodrone.backoffice/target/apidocs/domain/valueObjects/ShowRequestStatus.svg...
[WARNING] Note: Generating /home/jorge-rodrigues/Desktop/2_ano/2_Semestre/sem4pi-2024-2025-sem4pi_2024_2025_g61/shodrone.backoffice/target/apidocs/domain/valueObjects/Location.svg...
[WARNING] Note: Generating /home/jorge-rodrigues/Desktop/2_ano/2_Semestre/sem4pi-2024-2025-sem4pi_2024_2025_g61/shodrone.backoffice/target/apidocs/domain/entity/ShowRequest.svg...
[WARNING] Note: Generating /home/jorge-rodrigues/Desktop/2_ano/2_Semestre/sem4pi-2024-2025-sem4pi_2024_2025_g61/shodrone.backoffice/target/apidocs/domain/entity/Figure.svg...
[WARNING] Note: Generating /home/jorge-rodrigues/Desktop/2_ano/2_Semestre/sem4pi-2024-2025-sem4pi_2024_2025_g61/shodrone.backoffice/target/apidocs/domain/entity/Costumer.svg...
[WARNING] Note: Generating /home/jorge-rodrigues/Desktop/2_ano/2_Semestre/sem4pi-2024-2025-sem4pi_2024_2025_g61/shodrone.backoffice/target/apidocs/ui/RegisterShowRequestUI.svg...
[WARNING] Note: Generating /home/jorge-rodrigues/Desktop/2_ano/2_Semestre/sem4pi-2024-2025-sem4pi_2024_2025_g61/shodrone.backoffice/target/apidocs/ui/CRMCollaboratorUI.svg...
[WARNING] Note: Generating /home/jorge-rodrigues/Desktop/2_ano/2_Semestre/sem4pi-2024-2025-sem4pi_2024_2025_g61/shodrone.backoffice/target/apidocs/ui/CRMManagerUI.svg...
[WARNING] Note: Generating /home/jorge-rodrigues/Desktop/2_ano/2_Semestre/sem4pi-2024-2025-sem4pi_2024_2025_g61/shodrone.backoffice/target/apidocs/ui/RepresentativeUI.svg...
[WARNING] Note: Generating /home/jorge-rodrigues/Desktop/2_ano/2_Semestre/sem4pi-2024-2025-sem4pi_2024_2025_g61/shodrone.backoffice/target/apidocs/ui/AdminUI.svg...
[WARNING] Note: Generating /home/jorge-rodrigues/Desktop/2_ano/2_Semestre/sem4pi-2024-2025-sem4pi_2024_2025_g61/shodrone.backoffice/target/apidocs/ui/ShowDesignerUI.svg...
[WARNING] Note: Generating /home/jorge-rodrigues/Desktop/2_ano/2_Semestre/sem4pi-2024-2025-sem4pi_2024_2025_g61/shodrone.backoffice/target/apidocs/ui/authz/AuthenticationUI.svg...
[WARNING] Note: Generating /home/jorge-rodrigues/Desktop/2_ano/2_Semestre/sem4pi-2024-2025-sem4pi_2024_2025_g61/shodrone.backoffice/target/apidocs/ui/menu/MenuItem.svg...
[WARNING] Note: Generating /home/jorge-rodrigues/Desktop/2_ano/2_Semestre/sem4pi-2024-2025-sem4pi_2024_2025_g61/shodrone.backoffice/target/apidocs/ui/menu/StartupMessageBackofficeUI.svg...
[WARNING] Note: Generating /home/jorge-rodrigues/Desktop/2_ano/2_Semestre/sem4pi-2024-2025-sem4pi_2024_2025_g61/shodrone.backoffice/target/apidocs/ui/menu/MainMenuUI.svg...
[WARNING] Note: Generating /home/jorge-rodrigues/Desktop/2_ano/2_Semestre/sem4pi-2024-2025-sem4pi_2024_2025_g61/shodrone.backoffice/target/apidocs/ui/menu/ShowTextUI.svg...
[WARNING] Note: Generating /home/jorge-rodrigues/Desktop/2_ano/2_Semestre/sem4pi-2024-2025-sem4pi_2024_2025_g61/shodrone.backoffice/target/apidocs/ui/menu/DevTeamUI.svg...
[WARNING] Note: Generating /home/jorge-rodrigues/Desktop/2_ano/2_Semestre/sem4pi-2024-2025-sem4pi_2024_2025_g61/shodrone.backoffice/target/apidocs/Main.svg...
[WARNING] Note: Generating /home/jorge-rodrigues/Desktop/2_ano/2_Semestre/sem4pi-2024-2025-sem4pi_2024_2025_g61/shodrone.backoffice/target/apidocs/Bootstrap.svg...
[WARNING] Note: Generating /home/jorge-rodrigues/Desktop/2_ano/2_Semestre/sem4pi-2024-2025-sem4pi_2024_2025_g61/shodrone.backoffice/target/apidocs/package-dependencies.svg...
[WARNING] Note: Add UML to /home/jorge-rodrigues/Desktop/2_ano/2_Semestre/sem4pi-2024-2025-sem4pi_2024_2025_g61/shodrone.backoffice/target/apidocs/factories/FactoryProvider.html...
[WARNING] Note: Add UML to /home/jorge-rodrigues/Desktop/2_ano/2_Semestre/sem4pi-2024-2025-sem4pi_2024_2025_g61/shodrone.backoffice/target/apidocs/factories/impl/ShowRequestFactoryImpl.html...
[WARNING] Note: Add UML to /home/jorge-rodrigues/Desktop/2_ano/2_Semestre/sem4pi-2024-2025-sem4pi_2024_2025_g61/shodrone.backoffice/target/apidocs/controller/AuthenticationController.html...
[WARNING] Note: Add UML to /home/jorge-rodrigues/Desktop/2_ano/2_Semestre/sem4pi-2024-2025-sem4pi_2024_2025_g61/shodrone.backoffice/target/apidocs/more/ColorfulOutput.html...
[WARNING] Note: Add UML to /home/jorge-rodrigues/Desktop/2_ano/2_Semestre/sem4pi-2024-2025-sem4pi_2024_2025_g61/shodrone.backoffice/target/apidocs/authz/UserRepository.html...
[WARNING] Note: Add UML to /home/jorge-rodrigues/Desktop/2_ano/2_Semestre/sem4pi-2024-2025-sem4pi_2024_2025_g61/shodrone.backoffice/target/apidocs/authz/UserRole.html...
[WARNING] Note: Add UML to /home/jorge-rodrigues/Desktop/2_ano/2_Semestre/sem4pi-2024-2025-sem4pi_2024_2025_g61/shodrone.backoffice/target/apidocs/authz/UserRoleRepository.html...
[WARNING] Note: Add UML to /home/jorge-rodrigues/Desktop/2_ano/2_Semestre/sem4pi-2024-2025-sem4pi_2024_2025_g61/shodrone.backoffice/target/apidocs/authz/User.html...
[WARNING] Note: Add UML to /home/jorge-rodrigues/Desktop/2_ano/2_Semestre/sem4pi-2024-2025-sem4pi_2024_2025_g61/shodrone.backoffice/target/apidocs/authz/Password.html...
[WARNING] Note: Add UML to /home/jorge-rodrigues/Desktop/2_ano/2_Semestre/sem4pi-2024-2025-sem4pi_2024_2025_g61/shodrone.backoffice/target/apidocs/authz/Email.html...
[WARNING] Note: Add UML to /home/jorge-rodrigues/Desktop/2_ano/2_Semestre/sem4pi-2024-2025-sem4pi_2024_2025_g61/shodrone.backoffice/target/apidocs/session/UserSession.html...
[WARNING] Note: Add UML to /home/jorge-rodrigues/Desktop/2_ano/2_Semestre/sem4pi-2024-2025-sem4pi_2024_2025_g61/shodrone.backoffice/target/apidocs/Bootstrap.html...
[WARNING] Note: Add UML to /home/jorge-rodrigues/Desktop/2_ano/2_Semestre/sem4pi-2024-2025-sem4pi_2024_2025_g61/shodrone.backoffice/target/apidocs/persistence/interfaces/ShowRequestRepository.html...
[WARNING] Note: Add UML to /home/jorge-rodrigues/Desktop/2_ano/2_Semestre/sem4pi-2024-2025-sem4pi_2024_2025_g61/shodrone.backoffice/target/apidocs/persistence/interfaces/exampleRepository.html...
[WARNING] Note: Add UML to /home/jorge-rodrigues/Desktop/2_ano/2_Semestre/sem4pi-2024-2025-sem4pi_2024_2025_g61/shodrone.backoffice/target/apidocs/persistence/jpa/JpaBaseRepository.html...
[WARNING] Note: Add UML to /home/jorge-rodrigues/Desktop/2_ano/2_Semestre/sem4pi-2024-2025-sem4pi_2024_2025_g61/shodrone.backoffice/target/apidocs/persistence/jpa/AuthenticationRepository.html...
[WARNING] Note: Add UML to /home/jorge-rodrigues/Desktop/2_ano/2_Semestre/sem4pi-2024-2025-sem4pi_2024_2025_g61/shodrone.backoffice/target/apidocs/persistence/jpa/GenericRepository.html...
[WARNING] Note: Add UML to /home/jorge-rodrigues/Desktop/2_ano/2_Semestre/sem4pi-2024-2025-sem4pi_2024_2025_g61/shodrone.backoffice/target/apidocs/persistence/jpa/JPAImpl/FigureRepositoryJPAImpl.html...
[WARNING] Note: Add UML to /home/jorge-rodrigues/Desktop/2_ano/2_Semestre/sem4pi-2024-2025-sem4pi_2024_2025_g61/shodrone.backoffice/target/apidocs/persistence/jpa/JPAImpl/AuthenticationRepositoryJPAImpl.html...
[WARNING] Note: Add UML to /home/jorge-rodrigues/Desktop/2_ano/2_Semestre/sem4pi-2024-2025-sem4pi_2024_2025_g61/shodrone.backoffice/target/apidocs/persistence/jpa/JPAImpl/ShowRequestJPAImpl.html...
[WARNING] Note: Add UML to /home/jorge-rodrigues/Desktop/2_ano/2_Semestre/sem4pi-2024-2025-sem4pi_2024_2025_g61/shodrone.backoffice/target/apidocs/persistence/jpa/JPAImpl/exampleJPAImpl.html...
[WARNING] Note: Add UML to /home/jorge-rodrigues/Desktop/2_ano/2_Semestre/sem4pi-2024-2025-sem4pi_2024_2025_g61/shodrone.backoffice/target/apidocs/persistence/inmemory/InMemoryShowRequestRepository.html...
[WARNING] Note: Add UML to /home/jorge-rodrigues/Desktop/2_ano/2_Semestre/sem4pi-2024-2025-sem4pi_2024_2025_g61/shodrone.backoffice/target/apidocs/persistence/inmemory/Repositories.html...
[WARNING] Note: Add UML to /home/jorge-rodrigues/Desktop/2_ano/2_Semestre/sem4pi-2024-2025-sem4pi_2024_2025_g61/shodrone.backoffice/target/apidocs/persistence/inmemory/InMemoryAuthenticationRepository.html...
[WARNING] Note: Add UML to /home/jorge-rodrigues/Desktop/2_ano/2_Semestre/sem4pi-2024-2025-sem4pi_2024_2025_g61/shodrone.backoffice/target/apidocs/utils/HashCoder.html...
[WARNING] Note: Add UML to /home/jorge-rodrigues/Desktop/2_ano/2_Semestre/sem4pi-2024-2025-sem4pi_2024_2025_g61/shodrone.backoffice/target/apidocs/utils/Utils.html...
[WARNING] Note: Add UML to /home/jorge-rodrigues/Desktop/2_ano/2_Semestre/sem4pi-2024-2025-sem4pi_2024_2025_g61/shodrone.backoffice/target/apidocs/utils/Immutable.html...
[WARNING] Note: Add UML to /home/jorge-rodrigues/Desktop/2_ano/2_Semestre/sem4pi-2024-2025-sem4pi_2024_2025_g61/shodrone.backoffice/target/apidocs/utils/Utility.html...
[WARNING] Note: Add UML to /home/jorge-rodrigues/Desktop/2_ano/2_Semestre/sem4pi-2024-2025-sem4pi_2024_2025_g61/shodrone.backoffice/target/apidocs/Main.html...
[WARNING] Note: Add UML to /home/jorge-rodrigues/Desktop/2_ano/2_Semestre/sem4pi-2024-2025-sem4pi_2024_2025_g61/shodrone.backoffice/target/apidocs/domain/valueObjects/Location.html...
[WARNING] Note: Add UML to /home/jorge-rodrigues/Desktop/2_ano/2_Semestre/sem4pi-2024-2025-sem4pi_2024_2025_g61/shodrone.backoffice/target/apidocs/domain/valueObjects/ShowRequestStatus.html...
[WARNING] Note: Add UML to /home/jorge-rodrigues/Desktop/2_ano/2_Semestre/sem4pi-2024-2025-sem4pi_2024_2025_g61/shodrone.backoffice/target/apidocs/domain/entity/ShowRequest.html...
[WARNING] Note: Add UML to /home/jorge-rodrigues/Desktop/2_ano/2_Semestre/sem4pi-2024-2025-sem4pi_2024_2025_g61/shodrone.backoffice/target/apidocs/domain/entity/Figure.html...
[WARNING] Note: Add UML to /home/jorge-rodrigues/Desktop/2_ano/2_Semestre/sem4pi-2024-2025-sem4pi_2024_2025_g61/shodrone.backoffice/target/apidocs/domain/entity/Costumer.html...
[WARNING] Note: Add UML to /home/jorge-rodrigues/Desktop/2_ano/2_Semestre/sem4pi-2024-2025-sem4pi_2024_2025_g61/shodrone.backoffice/target/apidocs/ui/CRMCollaboratorUI.html...
[WARNING] Note: Add UML to /home/jorge-rodrigues/Desktop/2_ano/2_Semestre/sem4pi-2024-2025-sem4pi_2024_2025_g61/shodrone.backoffice/target/apidocs/ui/RegisterShowRequestUI.html...
[WARNING] Note: Add UML to /home/jorge-rodrigues/Desktop/2_ano/2_Semestre/sem4pi-2024-2025-sem4pi_2024_2025_g61/shodrone.backoffice/target/apidocs/ui/authz/AuthenticationUI.html...
[WARNING] Note: Add UML to /home/jorge-rodrigues/Desktop/2_ano/2_Semestre/sem4pi-2024-2025-sem4pi_2024_2025_g61/shodrone.backoffice/target/apidocs/ui/RepresentativeUI.html...
[WARNING] Note: Add UML to /home/jorge-rodrigues/Desktop/2_ano/2_Semestre/sem4pi-2024-2025-sem4pi_2024_2025_g61/shodrone.backoffice/target/apidocs/ui/menu/ShowTextUI.html...
[WARNING] Note: Add UML to /home/jorge-rodrigues/Desktop/2_ano/2_Semestre/sem4pi-2024-2025-sem4pi_2024_2025_g61/shodrone.backoffice/target/apidocs/ui/menu/MainMenuUI.html...
[WARNING] Note: Add UML to /home/jorge-rodrigues/Desktop/2_ano/2_Semestre/sem4pi-2024-2025-sem4pi_2024_2025_g61/shodrone.backoffice/target/apidocs/ui/menu/MenuItem.html...
[WARNING] Note: Add UML to /home/jorge-rodrigues/Desktop/2_ano/2_Semestre/sem4pi-2024-2025-sem4pi_2024_2025_g61/shodrone.backoffice/target/apidocs/ui/menu/StartupMessageBackofficeUI.html...
[WARNING] Note: Add UML to /home/jorge-rodrigues/Desktop/2_ano/2_Semestre/sem4pi-2024-2025-sem4pi_2024_2025_g61/shodrone.backoffice/target/apidocs/ui/menu/DevTeamUI.html...
[WARNING] Note: Add UML to /home/jorge-rodrigues/Desktop/2_ano/2_Semestre/sem4pi-2024-2025-sem4pi_2024_2025_g61/shodrone.backoffice/target/apidocs/ui/AdminUI.html...
[WARNING] Note: Add UML to /home/jorge-rodrigues/Desktop/2_ano/2_Semestre/sem4pi-2024-2025-sem4pi_2024_2025_g61/shodrone.backoffice/target/apidocs/ui/CRMManagerUI.html...
[WARNING] Note: Add UML to /home/jorge-rodrigues/Desktop/2_ano/2_Semestre/sem4pi-2024-2025-sem4pi_2024_2025_g61/shodrone.backoffice/target/apidocs/ui/ShowDesignerUI.html...
[INFO] Building jar: /home/jorge-rodrigues/Desktop/2_ano/2_Semestre/sem4pi-2024-2025-sem4pi_2024_2025_g61/shodrone.backoffice/target/backoffice-0.1.0-javadoc.jar
[INFO] 
[INFO] --- maven-install-plugin:2.4:install (default-install) @ backoffice ---
[INFO] Installing /home/jorge-rodrigues/Desktop/2_ano/2_Semestre/sem4pi-2024-2025-sem4pi_2024_2025_g61/shodrone.backoffice/target/backoffice-0.1.0.jar to /home/jorge-rodrigues/.m2/repository/lapr4/backoffice/0.1.0/backoffice-0.1.0.jar
[INFO] Installing /home/jorge-rodrigues/Desktop/2_ano/2_Semestre/sem4pi-2024-2025-sem4pi_2024_2025_g61/shodrone.backoffice/pom.xml to /home/jorge-rodrigues/.m2/repository/lapr4/backoffice/0.1.0/backoffice-0.1.0.pom
[INFO] Installing /home/jorge-rodrigues/Desktop/2_ano/2_Semestre/sem4pi-2024-2025-sem4pi_2024_2025_g61/shodrone.backoffice/target/backoffice-0.1.0-jar-with-dependencies.jar to /home/jorge-rodrigues/.m2/repository/lapr4/backoffice/0.1.0/backoffice-0.1.0-jar-with-dependencies.jar
[INFO] Installing /home/jorge-rodrigues/Desktop/2_ano/2_Semestre/sem4pi-2024-2025-sem4pi_2024_2025_g61/shodrone.backoffice/target/backoffice-0.1.0-javadoc.jar to /home/jorge-rodrigues/.m2/repository/lapr4/backoffice/0.1.0/backoffice-0.1.0-javadoc.jar
[INFO] 
[INFO] >>> maven-surefire-report-plugin:3.0.0:report (default) > [surefire]test @ backoffice >>>
[INFO] 
[INFO] --- jacoco-maven-plugin:0.8.6:prepare-agent (prepare-agent) @ backoffice ---
[INFO] argLine set to -javaagent:/home/jorge-rodrigues/.m2/repository/org/jacoco/org.jacoco.agent/0.8.6/org.jacoco.agent-0.8.6-runtime.jar=destfile=/home/jorge-rodrigues/Desktop/2_ano/2_Semestre/sem4pi-2024-2025-sem4pi_2024_2025_g61/shodrone.backoffice/target/jacoco.exec
[INFO] 
[INFO] --- lombok-maven-plugin:1.18.20.0:delombok (delombok) @ backoffice ---
[INFO] Delombok complete.
[INFO] 
[INFO] --- maven-resources-plugin:2.6:resources (default-resources) @ backoffice ---
[INFO] Using 'UTF-8' encoding to copy filtered resources.
[INFO] Copying 2 resources
[INFO] 
[INFO] --- maven-compiler-plugin:3.8.1:compile (default-compile) @ backoffice ---
[INFO] Changes detected - recompiling the module!
[INFO] Compiling 46 source files to /home/jorge-rodrigues/Desktop/2_ano/2_Semestre/sem4pi-2024-2025-sem4pi_2024_2025_g61/shodrone.backoffice/target/classes
[INFO] /home/jorge-rodrigues/Desktop/2_ano/2_Semestre/sem4pi-2024-2025-sem4pi_2024_2025_g61/shodrone.backoffice/src/main/java/persistence/jpa/JpaBaseRepository.java: /home/jorge-rodrigues/Desktop/2_ano/2_Semestre/sem4pi-2024-2025-sem4pi_2024_2025_g61/shodrone.backoffice/src/main/java/persistence/jpa/JpaBaseRepository.java uses unchecked or unsafe operations.
[INFO] /home/jorge-rodrigues/Desktop/2_ano/2_Semestre/sem4pi-2024-2025-sem4pi_2024_2025_g61/shodrone.backoffice/src/main/java/persistence/jpa/JpaBaseRepository.java: Recompile with -Xlint:unchecked for details.
[INFO] 
[INFO] --- maven-resources-plugin:2.6:testResources (default-testResources) @ backoffice ---
[INFO] Using 'UTF-8' encoding to copy filtered resources.
[INFO] skip non existing resourceDirectory /home/jorge-rodrigues/Desktop/2_ano/2_Semestre/sem4pi-2024-2025-sem4pi_2024_2025_g61/shodrone.backoffice/src/test/resources
[INFO] 
[INFO] --- maven-compiler-plugin:3.8.1:testCompile (default-testCompile) @ backoffice ---
[INFO] Changes detected - recompiling the module!
[INFO] Compiling 1 source file to /home/jorge-rodrigues/Desktop/2_ano/2_Semestre/sem4pi-2024-2025-sem4pi_2024_2025_g61/shodrone.backoffice/target/test-classes
[INFO] /home/jorge-rodrigues/Desktop/2_ano/2_Semestre/sem4pi-2024-2025-sem4pi_2024_2025_g61/shodrone.backoffice/src/test/java/authz/GreeterTest.java: /home/jorge-rodrigues/Desktop/2_ano/2_Semestre/sem4pi-2024-2025-sem4pi_2024_2025_g61/shodrone.backoffice/src/test/java/authz/GreeterTest.java uses or overrides a deprecated API.
[INFO] /home/jorge-rodrigues/Desktop/2_ano/2_Semestre/sem4pi-2024-2025-sem4pi_2024_2025_g61/shodrone.backoffice/src/test/java/authz/GreeterTest.java: Recompile with -Xlint:deprecation for details.
[INFO] 
[INFO] --- maven-surefire-plugin:3.0.0:test (default-test) @ backoffice ---
[INFO] Skipping execution of surefire because it has already been run for this configuration
[INFO] 
[INFO] <<< maven-surefire-report-plugin:3.0.0:report (default) < [surefire]test @ backoffice <<<
[INFO] 
[INFO] 
[INFO] --- maven-surefire-report-plugin:3.0.0:report (default) @ backoffice ---
[INFO] 
[INFO] ------------------< lapr4.shodrone:shodrone.util.ci >-------------------
[INFO] Building shodrone.util.ci 0.1.0                                    [3/4]
[INFO] --------------------------------[ pom ]---------------------------------
[WARNING] The artifact org.hibernate:hibernate-core:jar:6.2.0.Final has been relocated to org.hibernate.orm:hibernate-core:jar:6.2.0.Final
[INFO] 
[INFO] --- maven-clean-plugin:2.5:clean (default-clean) @ shodrone.util.ci ---
[INFO] Deleting /home/jorge-rodrigues/Desktop/2_ano/2_Semestre/sem4pi-2024-2025-sem4pi_2024_2025_g61/shodrone.util.ci/target
[INFO] 
[INFO] --- jacoco-maven-plugin:0.8.6:prepare-agent (prepare-agent) @ shodrone.util.ci ---
[INFO] argLine set to -javaagent:/home/jorge-rodrigues/.m2/repository/org/jacoco/org.jacoco.agent/0.8.6/org.jacoco.agent-0.8.6-runtime.jar=destfile=/home/jorge-rodrigues/Desktop/2_ano/2_Semestre/sem4pi-2024-2025-sem4pi_2024_2025_g61/shodrone.util.ci/target/jacoco.exec
[INFO] 
[INFO] --- lombok-maven-plugin:1.18.20.0:delombok (delombok) @ shodrone.util.ci ---
[WARNING] Skipping Delombok; no source to process.
[INFO] 
[INFO] --- maven-assembly-plugin:3.6.0:single (make-assembly) @ shodrone.util.ci ---
[WARNING] Cannot include project artifact: lapr4.shodrone:shodrone.util.ci:pom:0.1.0; it doesn't have an associated file or directory.
[INFO] Building jar: /home/jorge-rodrigues/Desktop/2_ano/2_Semestre/sem4pi-2024-2025-sem4pi_2024_2025_g61/shodrone.util.ci/target/shodrone.util.ci-0.1.0-jar-with-dependencies.jar
[INFO] 
[INFO] --- maven-javadoc-plugin:3.2.0:jar (attach-javadocs) @ shodrone.util.ci ---
[INFO] Not executing Javadoc as the project is not a Java classpath-capable package
[INFO] 
[INFO] --- jacoco-maven-plugin:0.8.6:report-aggregate (report-aggregate) @ shodrone.util.ci ---
[INFO] Loading execution data file /home/jorge-rodrigues/Desktop/2_ano/2_Semestre/sem4pi-2024-2025-sem4pi_2024_2025_g61/shodrone.backoffice/target/jacoco.exec
[INFO] Analyzed bundle 'backoffice' with 40 classes
[INFO] 
[INFO] --- jacoco-maven-plugin:0.8.6:merge (merge-results) @ shodrone.util.ci ---
[INFO] Loading execution data file /home/jorge-rodrigues/Desktop/2_ano/2_Semestre/sem4pi-2024-2025-sem4pi_2024_2025_g61/shodrone.util.ci/../shodrone.backoffice/target/jacoco.exec
[INFO] Writing merged execution data to /home/jorge-rodrigues/Desktop/2_ano/2_Semestre/sem4pi-2024-2025-sem4pi_2024_2025_g61/shodrone.util.ci/target/aggregate.exec
[INFO] 
[INFO] --- maven-install-plugin:2.4:install (default-install) @ shodrone.util.ci ---
[INFO] Installing /home/jorge-rodrigues/Desktop/2_ano/2_Semestre/sem4pi-2024-2025-sem4pi_2024_2025_g61/shodrone.util.ci/pom.xml to /home/jorge-rodrigues/.m2/repository/lapr4/shodrone/shodrone.util.ci/0.1.0/shodrone.util.ci-0.1.0.pom
[INFO] Installing /home/jorge-rodrigues/Desktop/2_ano/2_Semestre/sem4pi-2024-2025-sem4pi_2024_2025_g61/shodrone.util.ci/target/shodrone.util.ci-0.1.0-jar-with-dependencies.jar to /home/jorge-rodrigues/.m2/repository/lapr4/shodrone/shodrone.util.ci/0.1.0/shodrone.util.ci-0.1.0-jar-with-dependencies.jar
[INFO] 
[INFO] >>> maven-surefire-report-plugin:3.0.0:report (default) > [surefire]test @ shodrone.util.ci >>>
[WARNING] The artifact org.hibernate:hibernate-core:jar:6.2.0.Final has been relocated to org.hibernate.orm:hibernate-core:jar:6.2.0.Final
[INFO] 
[INFO] --- jacoco-maven-plugin:0.8.6:prepare-agent (prepare-agent) @ shodrone.util.ci ---
[INFO] argLine set to -javaagent:/home/jorge-rodrigues/.m2/repository/org/jacoco/org.jacoco.agent/0.8.6/org.jacoco.agent-0.8.6-runtime.jar=destfile=/home/jorge-rodrigues/Desktop/2_ano/2_Semestre/sem4pi-2024-2025-sem4pi_2024_2025_g61/shodrone.util.ci/target/jacoco.exec
[INFO] 
[INFO] --- lombok-maven-plugin:1.18.20.0:delombok (delombok) @ shodrone.util.ci ---
[WARNING] Skipping Delombok; no source to process.
[INFO] 
[INFO] <<< maven-surefire-report-plugin:3.0.0:report (default) < [surefire]test @ shodrone.util.ci <<<
[INFO] 
[INFO] 
[INFO] --- maven-surefire-report-plugin:3.0.0:report (default) @ shodrone.util.ci ---
[INFO] 
[INFO] -------------< lapr4:shodrone.infraestructure.application >-------------
[INFO] Building shodrone.infraestructure.application 0.1.0                [4/4]
[INFO] --------------------------------[ jar ]---------------------------------
[WARNING] The artifact org.hibernate:hibernate-core:jar:6.2.0.Final has been relocated to org.hibernate.orm:hibernate-core:jar:6.2.0.Final
[INFO] 
[INFO] --- maven-clean-plugin:2.5:clean (default-clean) @ shodrone.infraestructure.application ---
[INFO] Deleting /home/jorge-rodrigues/Desktop/2_ano/2_Semestre/sem4pi-2024-2025-sem4pi_2024_2025_g61/shodrone.infraestructure.application/target
[INFO] 
[INFO] --- jacoco-maven-plugin:0.8.6:prepare-agent (prepare-agent) @ shodrone.infraestructure.application ---
[INFO] argLine set to -javaagent:/home/jorge-rodrigues/.m2/repository/org/jacoco/org.jacoco.agent/0.8.6/org.jacoco.agent-0.8.6-runtime.jar=destfile=/home/jorge-rodrigues/Desktop/2_ano/2_Semestre/sem4pi-2024-2025-sem4pi_2024_2025_g61/shodrone.infraestructure.application/target/jacoco.exec
[INFO] 
[INFO] --- lombok-maven-plugin:1.18.20.0:delombok (delombok) @ shodrone.infraestructure.application ---
[INFO] Delombok complete.
[INFO] 
[INFO] --- maven-resources-plugin:2.6:resources (default-resources) @ shodrone.infraestructure.application ---
[INFO] Using 'UTF-8' encoding to copy filtered resources.
[INFO] Copying 1 resource
[INFO] 
[INFO] --- maven-compiler-plugin:3.8.1:compile (default-compile) @ shodrone.infraestructure.application ---
[INFO] Changes detected - recompiling the module!
[INFO] Compiling 2 source files to /home/jorge-rodrigues/Desktop/2_ano/2_Semestre/sem4pi-2024-2025-sem4pi_2024_2025_g61/shodrone.infraestructure.application/target/classes
[INFO] 
[INFO] --- maven-resources-plugin:2.6:testResources (default-testResources) @ shodrone.infraestructure.application ---
[INFO] Using 'UTF-8' encoding to copy filtered resources.
[INFO] skip non existing resourceDirectory /home/jorge-rodrigues/Desktop/2_ano/2_Semestre/sem4pi-2024-2025-sem4pi_2024_2025_g61/shodrone.infraestructure.application/src/test/resources
[INFO] 
[INFO] --- maven-compiler-plugin:3.8.1:testCompile (default-testCompile) @ shodrone.infraestructure.application ---
[INFO] No sources to compile
[INFO] 
[INFO] --- maven-surefire-plugin:3.0.0:test (default-test) @ shodrone.infraestructure.application ---
[INFO] No tests to run.
[INFO] 
[INFO] --- maven-jar-plugin:2.4:jar (default-jar) @ shodrone.infraestructure.application ---
[INFO] Building jar: /home/jorge-rodrigues/Desktop/2_ano/2_Semestre/sem4pi-2024-2025-sem4pi_2024_2025_g61/shodrone.infraestructure.application/target/shodrone.infraestructure.application-0.1.0.jar
[INFO] 
[INFO] --- maven-assembly-plugin:3.6.0:single (make-assembly) @ shodrone.infraestructure.application ---
[INFO] Building jar: /home/jorge-rodrigues/Desktop/2_ano/2_Semestre/sem4pi-2024-2025-sem4pi_2024_2025_g61/shodrone.infraestructure.application/target/shodrone.infraestructure.application-0.1.0-jar-with-dependencies.jar
[INFO] 
[INFO] --- maven-javadoc-plugin:3.2.0:jar (attach-javadocs) @ shodrone.infraestructure.application ---
[ERROR] Error fetching link: /home/jorge-rodrigues/Desktop/2_ano/2_Semestre/sem4pi-2024-2025-sem4pi_2024_2025_g61/shodrone.infraestructure.application/target/javadoc-bundle-options. Ignored it.
[INFO] No previous run data found, generating javadoc.
[WARNING] Javadoc Warnings
[WARNING] Loading source files for package app...
[WARNING] Constructing Javadoc information...
[WARNING] Note: UML Doclet (C) Copyright Talsma ICT, version: 2.0.12.
[WARNING] Note: This software uses PlantUML (C) Copyright Arnaud Roques, version: 1.2020.16.
[WARNING] Building index for all the packages and classes...
[WARNING] Standard Doclet version 21.0.2+13-LTS-58
[WARNING] Building tree for all the packages and classes...
[WARNING] Generating /home/jorge-rodrigues/Desktop/2_ano/2_Semestre/sem4pi-2024-2025-sem4pi_2024_2025_g61/shodrone.infraestructure.application/target/apidocs/app/Application.html...
[WARNING] Generating /home/jorge-rodrigues/Desktop/2_ano/2_Semestre/sem4pi-2024-2025-sem4pi_2024_2025_g61/shodrone.infraestructure.application/target/apidocs/app/AppSettings.html...
[WARNING] Generating /home/jorge-rodrigues/Desktop/2_ano/2_Semestre/sem4pi-2024-2025-sem4pi_2024_2025_g61/shodrone.infraestructure.application/target/apidocs/app/package-summary.html...
[WARNING] Generating /home/jorge-rodrigues/Desktop/2_ano/2_Semestre/sem4pi-2024-2025-sem4pi_2024_2025_g61/shodrone.infraestructure.application/target/apidocs/app/package-tree.html...
[WARNING] Generating /home/jorge-rodrigues/Desktop/2_ano/2_Semestre/sem4pi-2024-2025-sem4pi_2024_2025_g61/shodrone.infraestructure.application/target/apidocs/app/class-use/Application.html...
[WARNING] Generating /home/jorge-rodrigues/Desktop/2_ano/2_Semestre/sem4pi-2024-2025-sem4pi_2024_2025_g61/shodrone.infraestructure.application/target/apidocs/app/class-use/AppSettings.html...
[WARNING] Generating /home/jorge-rodrigues/Desktop/2_ano/2_Semestre/sem4pi-2024-2025-sem4pi_2024_2025_g61/shodrone.infraestructure.application/target/apidocs/app/package-use.html...
[WARNING] Generating /home/jorge-rodrigues/Desktop/2_ano/2_Semestre/sem4pi-2024-2025-sem4pi_2024_2025_g61/shodrone.infraestructure.application/target/apidocs/overview-tree.html...
[WARNING] Building index for all classes...
[WARNING] Generating /home/jorge-rodrigues/Desktop/2_ano/2_Semestre/sem4pi-2024-2025-sem4pi_2024_2025_g61/shodrone.infraestructure.application/target/apidocs/allclasses-index.html...
[WARNING] Generating /home/jorge-rodrigues/Desktop/2_ano/2_Semestre/sem4pi-2024-2025-sem4pi_2024_2025_g61/shodrone.infraestructure.application/target/apidocs/allpackages-index.html...
[WARNING] Generating /home/jorge-rodrigues/Desktop/2_ano/2_Semestre/sem4pi-2024-2025-sem4pi_2024_2025_g61/shodrone.infraestructure.application/target/apidocs/index-all.html...
[WARNING] Generating /home/jorge-rodrigues/Desktop/2_ano/2_Semestre/sem4pi-2024-2025-sem4pi_2024_2025_g61/shodrone.infraestructure.application/target/apidocs/search.html...
[WARNING] Generating /home/jorge-rodrigues/Desktop/2_ano/2_Semestre/sem4pi-2024-2025-sem4pi_2024_2025_g61/shodrone.infraestructure.application/target/apidocs/index.html...
[WARNING] Generating /home/jorge-rodrigues/Desktop/2_ano/2_Semestre/sem4pi-2024-2025-sem4pi_2024_2025_g61/shodrone.infraestructure.application/target/apidocs/help-doc.html...
[WARNING] Note: Generating /home/jorge-rodrigues/Desktop/2_ano/2_Semestre/sem4pi-2024-2025-sem4pi_2024_2025_g61/shodrone.infraestructure.application/target/apidocs/app/package.svg...
[WARNING] Note: Generating /home/jorge-rodrigues/Desktop/2_ano/2_Semestre/sem4pi-2024-2025-sem4pi_2024_2025_g61/shodrone.infraestructure.application/target/apidocs/app/Application.svg...
[WARNING] Note: Generating /home/jorge-rodrigues/Desktop/2_ano/2_Semestre/sem4pi-2024-2025-sem4pi_2024_2025_g61/shodrone.infraestructure.application/target/apidocs/app/AppSettings.svg...
[WARNING] Note: Generating /home/jorge-rodrigues/Desktop/2_ano/2_Semestre/sem4pi-2024-2025-sem4pi_2024_2025_g61/shodrone.infraestructure.application/target/apidocs/package-dependencies.svg...
[WARNING] Note: Add UML to /home/jorge-rodrigues/Desktop/2_ano/2_Semestre/sem4pi-2024-2025-sem4pi_2024_2025_g61/shodrone.infraestructure.application/target/apidocs/app/Application.html...
[WARNING] Note: Add UML to /home/jorge-rodrigues/Desktop/2_ano/2_Semestre/sem4pi-2024-2025-sem4pi_2024_2025_g61/shodrone.infraestructure.application/target/apidocs/app/AppSettings.html...
[INFO] Building jar: /home/jorge-rodrigues/Desktop/2_ano/2_Semestre/sem4pi-2024-2025-sem4pi_2024_2025_g61/shodrone.infraestructure.application/target/shodrone.infraestructure.application-0.1.0-javadoc.jar
[INFO] 
[INFO] --- maven-install-plugin:2.4:install (default-install) @ shodrone.infraestructure.application ---
[INFO] Installing /home/jorge-rodrigues/Desktop/2_ano/2_Semestre/sem4pi-2024-2025-sem4pi_2024_2025_g61/shodrone.infraestructure.application/target/shodrone.infraestructure.application-0.1.0.jar to /home/jorge-rodrigues/.m2/repository/lapr4/shodrone.infraestructure.application/0.1.0/shodrone.infraestructure.application-0.1.0.jar
[INFO] Installing /home/jorge-rodrigues/Desktop/2_ano/2_Semestre/sem4pi-2024-2025-sem4pi_2024_2025_g61/shodrone.infraestructure.application/pom.xml to /home/jorge-rodrigues/.m2/repository/lapr4/shodrone.infraestructure.application/0.1.0/shodrone.infraestructure.application-0.1.0.pom
[INFO] Installing /home/jorge-rodrigues/Desktop/2_ano/2_Semestre/sem4pi-2024-2025-sem4pi_2024_2025_g61/shodrone.infraestructure.application/target/shodrone.infraestructure.application-0.1.0-jar-with-dependencies.jar to /home/jorge-rodrigues/.m2/repository/lapr4/shodrone.infraestructure.application/0.1.0/shodrone.infraestructure.application-0.1.0-jar-with-dependencies.jar
[INFO] Installing /home/jorge-rodrigues/Desktop/2_ano/2_Semestre/sem4pi-2024-2025-sem4pi_2024_2025_g61/shodrone.infraestructure.application/target/shodrone.infraestructure.application-0.1.0-javadoc.jar to /home/jorge-rodrigues/.m2/repository/lapr4/shodrone.infraestructure.application/0.1.0/shodrone.infraestructure.application-0.1.0-javadoc.jar
[INFO] 
[INFO] >>> maven-surefire-report-plugin:3.0.0:report (default) > [surefire]test @ shodrone.infraestructure.application >>>
[INFO] 
[INFO] --- jacoco-maven-plugin:0.8.6:prepare-agent (prepare-agent) @ shodrone.infraestructure.application ---
[INFO] argLine set to -javaagent:/home/jorge-rodrigues/.m2/repository/org/jacoco/org.jacoco.agent/0.8.6/org.jacoco.agent-0.8.6-runtime.jar=destfile=/home/jorge-rodrigues/Desktop/2_ano/2_Semestre/sem4pi-2024-2025-sem4pi_2024_2025_g61/shodrone.infraestructure.application/target/jacoco.exec
[INFO] 
[INFO] --- lombok-maven-plugin:1.18.20.0:delombok (delombok) @ shodrone.infraestructure.application ---
[INFO] Delombok complete.
[INFO] 
[INFO] --- maven-resources-plugin:2.6:resources (default-resources) @ shodrone.infraestructure.application ---
[INFO] Using 'UTF-8' encoding to copy filtered resources.
[INFO] Copying 1 resource
[INFO] 
[INFO] --- maven-compiler-plugin:3.8.1:compile (default-compile) @ shodrone.infraestructure.application ---
[INFO] Changes detected - recompiling the module!
[INFO] Compiling 2 source files to /home/jorge-rodrigues/Desktop/2_ano/2_Semestre/sem4pi-2024-2025-sem4pi_2024_2025_g61/shodrone.infraestructure.application/target/classes
[INFO] 
[INFO] --- maven-resources-plugin:2.6:testResources (default-testResources) @ shodrone.infraestructure.application ---
[INFO] Using 'UTF-8' encoding to copy filtered resources.
[INFO] skip non existing resourceDirectory /home/jorge-rodrigues/Desktop/2_ano/2_Semestre/sem4pi-2024-2025-sem4pi_2024_2025_g61/shodrone.infraestructure.application/src/test/resources
[INFO] 
[INFO] --- maven-compiler-plugin:3.8.1:testCompile (default-testCompile) @ shodrone.infraestructure.application ---
[INFO] No sources to compile
[INFO] 
[INFO] --- maven-surefire-plugin:3.0.0:test (default-test) @ shodrone.infraestructure.application ---
[INFO] No tests to run.
[INFO] Skipping execution of surefire because it has already been run for this configuration
[INFO] 
[INFO] <<< maven-surefire-report-plugin:3.0.0:report (default) < [surefire]test @ shodrone.infraestructure.application <<<
[INFO] 
[INFO] 
[INFO] --- maven-surefire-report-plugin:3.0.0:report (default) @ shodrone.infraestructure.application ---
[INFO] ------------------------------------------------------------------------
[INFO] Reactor Summary for shodrone 0.1.0:
[INFO] 
[INFO] shodrone ........................................... SUCCESS [  7.188 s]
[INFO] shodrone.app1 ...................................... SUCCESS [ 18.087 s]
[INFO] shodrone.util.ci ................................... SUCCESS [  5.046 s]
[INFO] shodrone.infraestructure.application ............... SUCCESS [  7.257 s]
[INFO] ------------------------------------------------------------------------
[INFO] BUILD SUCCESS
[INFO] ------------------------------------------------------------------------
[INFO] Total time:  37.674 s
[INFO] Finished at: 2025-04-29T16:52:19+01:00
[INFO] ------------------------------------------------------------------------
