[INFO] Scanning for projects...
[INFO] ------------------------------------------------------------------------
[INFO] Reactor Build Order:
[INFO] 
[INFO] shodrone                                                           [pom]
[INFO] shodrone.app1                                                      [jar]
[INFO] shodrone.util.ci                                                   [pom]
[INFO] shodrone.infraestructure.application                               [jar]
[INFO] 
[INFO] ---------------------------< lapr4:shodrone >---------------------------
[INFO] Building shodrone 0.1.0                                            [1/4]
[INFO] --------------------------------[ pom ]---------------------------------
[INFO] 
[INFO] --- maven-dependency-plugin:2.8:copy-dependencies (default-cli) @ shodrone ---
[INFO] Copying bcrypt-0.9.0.jar to /home/jorge-rodrigues/Desktop/2_ano/2_Semestre/sem4pi-2024-2025-sem4pi_2024_2025_g61/target/dependency/bcrypt-0.9.0.jar
[INFO] Copying commons-lang3-3.5.jar to /home/jorge-rodrigues/Desktop/2_ano/2_Semestre/sem4pi-2024-2025-sem4pi_2024_2025_g61/target/dependency/commons-lang3-3.5.jar
[INFO] Copying AuthLib-1.0-SNAPSHOT.jar to /home/jorge-rodrigues/Desktop/2_ano/2_Semestre/sem4pi-2024-2025-sem4pi_2024_2025_g61/target/dependency/AuthLib-1.0-SNAPSHOT.jar
[INFO] Copying bytes-1.3.0.jar to /home/jorge-rodrigues/Desktop/2_ano/2_Semestre/sem4pi-2024-2025-sem4pi_2024_2025_g61/target/dependency/bytes-1.3.0.jar
[INFO] junit-jupiter-params-5.10.1.jar already exists in destination.
[INFO] spring-aop-6.1.4.jar already exists in destination.
[INFO] spring-boot-autoconfigure-3.2.3.jar already exists in destination.
[INFO] slf4j-api-2.0.2.jar already exists in destination.
[INFO] jackson-core-2.15.4.jar already exists in destination.
[INFO] jaxb-api-2.3.1.jar already exists in destination.
[INFO] spring-jcl-6.1.4.jar already exists in destination.
[INFO] eapli.framework.infrastructure.authz-25.0.0-RELEASE.jar already exists in destination.
[INFO] spring-security-config-6.2.2.jar already exists in destination.
[INFO] spring-security-crypto-6.2.2.jar already exists in destination.
[INFO] jackson-datatype-jdk8-2.15.4.jar already exists in destination.
[INFO] hibernate-commons-annotations-6.0.6.Final.jar already exists in destination.
[INFO] antlr4-runtime-4.13.0.jar already exists in destination.
[INFO] jaxb-core-4.0.2.jar already exists in destination.
[INFO] spring-expression-6.1.4.jar already exists in destination.
[INFO] log4j-to-slf4j-2.21.1.jar already exists in destination.
[INFO] jackson-annotations-2.15.4.jar already exists in destination.
[INFO] commons-io-2.15.1.jar already exists in destination.
[INFO] jakarta.activation-api-2.1.0.jar already exists in destination.
[INFO] junit-platform-commons-1.10.1.jar already exists in destination.
[INFO] jul-to-slf4j-2.0.12.jar already exists in destination.
[INFO] spring-context-6.1.4.jar already exists in destination.
[INFO] spring-data-jpa-3.2.3.jar already exists in destination.
[INFO] spring-aspects-6.1.4.jar already exists in destination.
[INFO] spring-boot-starter-3.2.3.jar already exists in destination.
[INFO] eapli.framework.core-25.0.0-RELEASE.jar already exists in destination.
[INFO] spring-jdbc-6.1.4.jar already exists in destination.
[INFO] jackson-databind-2.15.4.jar already exists in destination.
[INFO] spring-security-core-6.2.2.jar already exists in destination.
[INFO] logback-classic-1.4.14.jar already exists in destination.
[INFO] byte-buddy-1.14.11.jar already exists in destination.
[INFO] spring-boot-starter-aop-3.2.3.jar already exists in destination.
[INFO] jakarta.persistence-api-3.1.0.jar already exists in destination.
[INFO] spring-boot-starter-jdbc-3.2.3.jar already exists in destination.
[INFO] javax.activation-api-1.2.0.jar already exists in destination.
[INFO] junit-jupiter-api-5.10.1.jar already exists in destination.
[INFO] opentest4j-1.3.0.jar already exists in destination.
[INFO] spring-boot-starter-logging-3.2.3.jar already exists in destination.
[INFO] jakarta.transaction-api-2.0.1.jar already exists in destination.
[INFO] spring-data-commons-3.2.3.jar already exists in destination.
[INFO] jackson-module-parameter-names-2.15.4.jar already exists in destination.
[INFO] h2-2.2.224.jar already exists in destination.
[INFO] angus-activation-2.0.0.jar already exists in destination.
[INFO] HikariCP-5.0.1.jar already exists in destination.
[INFO] snakeyaml-2.2.jar already exists in destination.
[INFO] spring-tx-6.1.4.jar already exists in destination.
[INFO] micrometer-commons-1.12.3.jar already exists in destination.
[INFO] jaxb-runtime-4.0.2.jar already exists in destination.
[INFO] jakarta.inject-api-2.0.1.jar already exists in destination.
[INFO] jakarta.annotation-api-2.0.0.jar already exists in destination.
[INFO] spring-boot-starter-security-3.2.3.jar already exists in destination.
[INFO] jackson-datatype-jsr310-2.15.4.jar already exists in destination.
[INFO] txw2-4.0.2.jar already exists in destination.
[INFO] logback-core-1.4.14.jar already exists in destination.
[INFO] spring-boot-3.2.3.jar already exists in destination.
[INFO] spring-core-6.1.4.jar already exists in destination.
[INFO] spring-boot-starter-data-jpa-3.2.3.jar already exists in destination.
[INFO] jandex-3.1.2.jar already exists in destination.
[INFO] micrometer-observation-1.12.3.jar already exists in destination.
[INFO] spring-orm-6.1.4.jar already exists in destination.
[INFO] istack-commons-runtime-4.1.1.jar already exists in destination.
[INFO] jboss-logging-3.5.0.Final.jar already exists in destination.
[INFO] spring-beans-6.1.4.jar already exists in destination.
[INFO] apiguardian-api-1.1.2.jar already exists in destination.
[INFO] aspectjweaver-1.9.21.jar already exists in destination.
[INFO] spring-boot-starter-json-3.2.3.jar already exists in destination.
[INFO] eapli.framework.infrastructure.pubsub-25.0.0-RELEASE.jar already exists in destination.
[INFO] log4j-api-2.21.1.jar already exists in destination.
[INFO] spring-web-6.1.4.jar already exists in destination.
[INFO] hibernate-core-6.4.4.Final.jar already exists in destination.
[INFO] classmate-1.5.1.jar already exists in destination.
[INFO] jakarta.xml.bind-api-4.0.0.jar already exists in destination.
[INFO] lombok-1.18.30.jar already exists in destination.
[INFO] spring-security-web-6.2.2.jar already exists in destination.
[INFO] 
[INFO] --- jacoco-maven-plugin:0.8.6:prepare-agent (prepare-agent) @ shodrone ---
[INFO] argLine set to -javaagent:/home/jorge-rodrigues/.m2/repository/org/jacoco/org.jacoco.agent/0.8.6/org.jacoco.agent-0.8.6-runtime.jar=destfile=/home/jorge-rodrigues/Desktop/2_ano/2_Semestre/sem4pi-2024-2025-sem4pi_2024_2025_g61/target/jacoco.exec
[INFO] 
[INFO] --- lombok-maven-plugin:1.18.20.0:delombok (delombok) @ shodrone ---
[WARNING] Skipping Delombok; no source to process.
[INFO] 
[INFO] --- maven-assembly-plugin:3.6.0:single (make-assembly) @ shodrone ---
[WARNING] Cannot include project artifact: lapr4:shodrone:pom:0.1.0; it doesn't have an associated file or directory.
[INFO] Building jar: /home/jorge-rodrigues/Desktop/2_ano/2_Semestre/sem4pi-2024-2025-sem4pi_2024_2025_g61/target/shodrone-0.1.0-jar-with-dependencies.jar
[INFO] 
[INFO] --- maven-javadoc-plugin:3.2.0:jar (attach-javadocs) @ shodrone ---
[INFO] Skipping javadoc generation
[INFO] 
[INFO] --------------------------< lapr4:backoffice >--------------------------
[INFO] Building shodrone.app1 0.1.0                                       [2/4]
[INFO] --------------------------------[ jar ]---------------------------------
[INFO] 
[INFO] --- maven-dependency-plugin:2.8:copy-dependencies (default-cli) @ backoffice ---
[INFO] junit-jupiter-params-5.10.1.jar already exists in destination.
[INFO] spring-aop-6.1.4.jar already exists in destination.
[INFO] spring-boot-autoconfigure-3.2.3.jar already exists in destination.
[INFO] slf4j-api-2.0.2.jar already exists in destination.
[INFO] jackson-core-2.15.4.jar already exists in destination.
[INFO] jaxb-api-2.3.1.jar already exists in destination.
[INFO] spring-jcl-6.1.4.jar already exists in destination.
[INFO] eapli.framework.infrastructure.authz-25.0.0-RELEASE.jar already exists in destination.
[INFO] junit-4.13.1.jar already exists in destination.
[INFO] spring-security-config-6.2.2.jar already exists in destination.
[INFO] spring-security-crypto-6.2.2.jar already exists in destination.
[INFO] jackson-datatype-jdk8-2.15.4.jar already exists in destination.
[INFO] hibernate-commons-annotations-6.0.6.Final.jar already exists in destination.
[INFO] antlr4-runtime-4.13.0.jar already exists in destination.
[INFO] jaxb-core-4.0.2.jar already exists in destination.
[INFO] spring-expression-6.1.4.jar already exists in destination.
[INFO] log4j-to-slf4j-2.21.1.jar already exists in destination.
[INFO] jackson-annotations-2.15.4.jar already exists in destination.
[INFO] commons-io-2.15.1.jar already exists in destination.
[INFO] jakarta.activation-api-2.1.0.jar already exists in destination.
[INFO] junit-platform-commons-1.10.1.jar already exists in destination.
[INFO] jul-to-slf4j-2.0.12.jar already exists in destination.
[INFO] spring-context-6.1.4.jar already exists in destination.
[INFO] spring-data-jpa-3.2.3.jar already exists in destination.
[INFO] spring-aspects-6.1.4.jar already exists in destination.
[INFO] spring-boot-starter-3.2.3.jar already exists in destination.
[INFO] eapli.framework.core-25.0.0-RELEASE.jar already exists in destination.
[INFO] spring-jdbc-6.1.4.jar already exists in destination.
[INFO] jackson-databind-2.15.4.jar already exists in destination.
[INFO] hamcrest-core-1.3.jar already exists in destination.
[INFO] spring-security-core-6.2.2.jar already exists in destination.
[INFO] logback-classic-1.4.14.jar already exists in destination.
[INFO] commons-lang3-3.5.jar already exists in destination.
[INFO] byte-buddy-1.14.11.jar already exists in destination.
[INFO] spring-boot-starter-aop-3.2.3.jar already exists in destination.
[INFO] jakarta.persistence-api-3.1.0.jar already exists in destination.
[INFO] spring-boot-starter-jdbc-3.2.3.jar already exists in destination.
[INFO] javax.activation-api-1.2.0.jar already exists in destination.
[INFO] junit-jupiter-api-5.10.1.jar already exists in destination.
[INFO] opentest4j-1.3.0.jar already exists in destination.
[INFO] spring-boot-starter-logging-3.2.3.jar already exists in destination.
[INFO] jakarta.transaction-api-2.0.1.jar already exists in destination.
[INFO] spring-data-commons-3.2.3.jar already exists in destination.
[INFO] jackson-module-parameter-names-2.15.4.jar already exists in destination.
[INFO] h2-2.2.224.jar already exists in destination.
[INFO] angus-activation-2.0.0.jar already exists in destination.
[INFO] HikariCP-5.0.1.jar already exists in destination.
[INFO] snakeyaml-2.2.jar already exists in destination.
[INFO] spring-tx-6.1.4.jar already exists in destination.
[INFO] AuthLib-1.0-SNAPSHOT.jar already exists in destination.
[INFO] bytes-1.3.0.jar already exists in destination.
[INFO] micrometer-commons-1.12.3.jar already exists in destination.
[INFO] jaxb-runtime-4.0.2.jar already exists in destination.
[INFO] jakarta.inject-api-2.0.1.jar already exists in destination.
[INFO] jakarta.annotation-api-2.0.0.jar already exists in destination.
[INFO] spring-boot-starter-security-3.2.3.jar already exists in destination.
[INFO] jackson-datatype-jsr310-2.15.4.jar already exists in destination.
[INFO] txw2-4.0.2.jar already exists in destination.
[INFO] logback-core-1.4.14.jar already exists in destination.
[INFO] spring-boot-3.2.3.jar already exists in destination.
[INFO] spring-core-6.1.4.jar already exists in destination.
[INFO] spring-boot-starter-data-jpa-3.2.3.jar already exists in destination.
[INFO] jandex-3.1.2.jar already exists in destination.
[INFO] micrometer-observation-1.12.3.jar already exists in destination.
[INFO] spring-orm-6.1.4.jar already exists in destination.
[INFO] bcrypt-0.9.0.jar already exists in destination.
[INFO] istack-commons-runtime-4.1.1.jar already exists in destination.
[INFO] jboss-logging-3.5.0.Final.jar already exists in destination.
[INFO] spring-beans-6.1.4.jar already exists in destination.
[INFO] apiguardian-api-1.1.2.jar already exists in destination.
[INFO] aspectjweaver-1.9.21.jar already exists in destination.
[INFO] spring-boot-starter-json-3.2.3.jar already exists in destination.
[INFO] eapli.framework.infrastructure.pubsub-25.0.0-RELEASE.jar already exists in destination.
[INFO] log4j-api-2.21.1.jar already exists in destination.
[INFO] spring-web-6.1.4.jar already exists in destination.
[INFO] hibernate-core-6.4.4.Final.jar already exists in destination.
[INFO] classmate-1.5.1.jar already exists in destination.
[INFO] jakarta.xml.bind-api-4.0.0.jar already exists in destination.
[INFO] lombok-1.18.30.jar already exists in destination.
[INFO] spring-security-web-6.2.2.jar already exists in destination.
[INFO] 
[INFO] --- jacoco-maven-plugin:0.8.6:prepare-agent (prepare-agent) @ backoffice ---
[INFO] argLine set to -javaagent:/home/jorge-rodrigues/.m2/repository/org/jacoco/org.jacoco.agent/0.8.6/org.jacoco.agent-0.8.6-runtime.jar=destfile=/home/jorge-rodrigues/Desktop/2_ano/2_Semestre/sem4pi-2024-2025-sem4pi_2024_2025_g61/shodrone.backoffice/target/jacoco.exec
[INFO] 
[INFO] --- lombok-maven-plugin:1.18.20.0:delombok (delombok) @ backoffice ---
[INFO] Delombok complete.
[INFO] 
[INFO] --- maven-resources-plugin:2.6:resources (default-resources) @ backoffice ---
[INFO] Using 'UTF-8' encoding to copy filtered resources.
[INFO] skip non existing resourceDirectory /home/jorge-rodrigues/Desktop/2_ano/2_Semestre/sem4pi-2024-2025-sem4pi_2024_2025_g61/shodrone.backoffice/src/main/resources
[INFO] 
[INFO] --- maven-compiler-plugin:3.8.1:compile (default-compile) @ backoffice ---
[INFO] Nothing to compile - all classes are up to date
[INFO] 
[INFO] --- maven-resources-plugin:2.6:testResources (default-testResources) @ backoffice ---
[INFO] Using 'UTF-8' encoding to copy filtered resources.
[INFO] skip non existing resourceDirectory /home/jorge-rodrigues/Desktop/2_ano/2_Semestre/sem4pi-2024-2025-sem4pi_2024_2025_g61/shodrone.backoffice/src/test/resources
[INFO] 
[INFO] --- maven-compiler-plugin:3.8.1:testCompile (default-testCompile) @ backoffice ---
[INFO] Nothing to compile - all classes are up to date
[INFO] 
[INFO] --- maven-surefire-plugin:3.0.0:test (default-test) @ backoffice ---
[INFO] Using auto detected provider org.apache.maven.surefire.junitplatform.JUnitPlatformProvider
[INFO] 
[INFO] -------------------------------------------------------
[INFO]  T E S T S
[INFO] -------------------------------------------------------
[INFO] Running authz.GreeterTest
[INFO] Tests run: 1, Failures: 0, Errors: 0, Skipped: 0, Time elapsed: 0.052 s - in authz.GreeterTest
[INFO] 
[INFO] Results:
[INFO] 
[INFO] Tests run: 1, Failures: 0, Errors: 0, Skipped: 0
[INFO] 
[INFO] 
[INFO] --- maven-jar-plugin:2.4:jar (default-jar) @ backoffice ---
[INFO] 
[INFO] --- maven-assembly-plugin:3.6.0:single (make-assembly) @ backoffice ---
[INFO] Building jar: /home/jorge-rodrigues/Desktop/2_ano/2_Semestre/sem4pi-2024-2025-sem4pi_2024_2025_g61/shodrone.backoffice/target/backoffice-0.1.0-jar-with-dependencies.jar
[INFO] 
[INFO] --- maven-javadoc-plugin:3.2.0:jar (attach-javadocs) @ backoffice ---
[INFO] Skipping javadoc generation
[INFO] 
[INFO] ------------------< lapr4.shodrone:shodrone.util.ci >-------------------
[INFO] Building shodrone.util.ci 0.1.0                                    [3/4]
[INFO] --------------------------------[ pom ]---------------------------------
[INFO] 
[INFO] --- maven-dependency-plugin:2.8:copy-dependencies (default-cli) @ shodrone.util.ci ---
[INFO] Copying commons-lang3-3.5.jar to /home/jorge-rodrigues/Desktop/2_ano/2_Semestre/sem4pi-2024-2025-sem4pi_2024_2025_g61/shodrone.util.ci/target/dependency/commons-lang3-3.5.jar
[INFO] junit-jupiter-params-5.10.1.jar already exists in destination.
[INFO] spring-aop-6.1.4.jar already exists in destination.
[INFO] shodrone.app2-0.1.0.jar already exists in destination.
[INFO] spring-boot-autoconfigure-3.2.3.jar already exists in destination.
[INFO] slf4j-api-2.0.2.jar already exists in destination.
[INFO] jackson-core-2.15.4.jar already exists in destination.
[INFO] jaxb-api-2.3.1.jar already exists in destination.
[INFO] spring-jcl-6.1.4.jar already exists in destination.
[INFO] eapli.framework.infrastructure.authz-25.0.0-RELEASE.jar already exists in destination.
[INFO] spring-security-config-6.2.2.jar already exists in destination.
[INFO] spring-security-crypto-6.2.2.jar already exists in destination.
[INFO] jackson-datatype-jdk8-2.15.4.jar already exists in destination.
[INFO] hibernate-commons-annotations-6.0.6.Final.jar already exists in destination.
[INFO] antlr4-runtime-4.13.0.jar already exists in destination.
[INFO] jaxb-core-4.0.2.jar already exists in destination.
[INFO] spring-expression-6.1.4.jar already exists in destination.
[INFO] log4j-to-slf4j-2.21.1.jar already exists in destination.
[INFO] jackson-annotations-2.15.4.jar already exists in destination.
[INFO] commons-io-2.15.1.jar already exists in destination.
[INFO] jakarta.activation-api-2.1.0.jar already exists in destination.
[INFO] junit-platform-commons-1.10.1.jar already exists in destination.
[INFO] jul-to-slf4j-2.0.12.jar already exists in destination.
[INFO] spring-context-6.1.4.jar already exists in destination.
[INFO] spring-data-jpa-3.2.3.jar already exists in destination.
[INFO] spring-aspects-6.1.4.jar already exists in destination.
[INFO] spring-boot-starter-3.2.3.jar already exists in destination.
[INFO] eapli.framework.core-25.0.0-RELEASE.jar already exists in destination.
[INFO] spring-jdbc-6.1.4.jar already exists in destination.
[INFO] jackson-databind-2.15.4.jar already exists in destination.
[INFO] backoffice-0.1.0.jar already exists in destination.
[INFO] spring-security-core-6.2.2.jar already exists in destination.
[INFO] logback-classic-1.4.14.jar already exists in destination.
[INFO] byte-buddy-1.14.11.jar already exists in destination.
[INFO] spring-boot-starter-aop-3.2.3.jar already exists in destination.
[INFO] jakarta.persistence-api-3.1.0.jar already exists in destination.
[INFO] spring-boot-starter-jdbc-3.2.3.jar already exists in destination.
[INFO] javax.activation-api-1.2.0.jar already exists in destination.
[INFO] junit-jupiter-api-5.10.1.jar already exists in destination.
[INFO] opentest4j-1.3.0.jar already exists in destination.
[INFO] spring-boot-starter-logging-3.2.3.jar already exists in destination.
[INFO] jakarta.transaction-api-2.0.1.jar already exists in destination.
[INFO] spring-data-commons-3.2.3.jar already exists in destination.
[INFO] jackson-module-parameter-names-2.15.4.jar already exists in destination.
[INFO] h2-2.2.224.jar already exists in destination.
[INFO] angus-activation-2.0.0.jar already exists in destination.
[INFO] HikariCP-5.0.1.jar already exists in destination.
[INFO] snakeyaml-2.2.jar already exists in destination.
[INFO] spring-tx-6.1.4.jar already exists in destination.
[INFO] AuthLib-1.0-SNAPSHOT.jar already exists in destination.
[INFO] bytes-1.3.0.jar already exists in destination.
[INFO] micrometer-commons-1.12.3.jar already exists in destination.
[INFO] jaxb-runtime-4.0.2.jar already exists in destination.
[INFO] jakarta.inject-api-2.0.1.jar already exists in destination.
[INFO] jakarta.annotation-api-2.0.0.jar already exists in destination.
[INFO] spring-boot-starter-security-3.2.3.jar already exists in destination.
[INFO] jackson-datatype-jsr310-2.15.4.jar already exists in destination.
[INFO] txw2-4.0.2.jar already exists in destination.
[INFO] logback-core-1.4.14.jar already exists in destination.
[INFO] spring-boot-3.2.3.jar already exists in destination.
[INFO] spring-core-6.1.4.jar already exists in destination.
[INFO] spring-boot-starter-data-jpa-3.2.3.jar already exists in destination.
[INFO] jandex-3.1.2.jar already exists in destination.
[INFO] micrometer-observation-1.12.3.jar already exists in destination.
[INFO] spring-orm-6.1.4.jar already exists in destination.
[INFO] bcrypt-0.9.0.jar already exists in destination.
[INFO] istack-commons-runtime-4.1.1.jar already exists in destination.
[INFO] jboss-logging-3.5.0.Final.jar already exists in destination.
[INFO] spring-beans-6.1.4.jar already exists in destination.
[INFO] apiguardian-api-1.1.2.jar already exists in destination.
[INFO] aspectjweaver-1.9.21.jar already exists in destination.
[INFO] spring-boot-starter-json-3.2.3.jar already exists in destination.
[INFO] eapli.framework.infrastructure.pubsub-25.0.0-RELEASE.jar already exists in destination.
[INFO] log4j-api-2.21.1.jar already exists in destination.
[INFO] spring-web-6.1.4.jar already exists in destination.
[INFO] hibernate-core-6.4.4.Final.jar already exists in destination.
[INFO] classmate-1.5.1.jar already exists in destination.
[INFO] jakarta.xml.bind-api-4.0.0.jar already exists in destination.
[INFO] lombok-1.18.30.jar already exists in destination.
[INFO] spring-security-web-6.2.2.jar already exists in destination.
[INFO] 
[INFO] --- jacoco-maven-plugin:0.8.6:prepare-agent (prepare-agent) @ shodrone.util.ci ---
[INFO] argLine set to -javaagent:/home/jorge-rodrigues/.m2/repository/org/jacoco/org.jacoco.agent/0.8.6/org.jacoco.agent-0.8.6-runtime.jar=destfile=/home/jorge-rodrigues/Desktop/2_ano/2_Semestre/sem4pi-2024-2025-sem4pi_2024_2025_g61/shodrone.util.ci/target/jacoco.exec
[INFO] 
[INFO] --- lombok-maven-plugin:1.18.20.0:delombok (delombok) @ shodrone.util.ci ---
[WARNING] Skipping Delombok; no source to process.
[INFO] 
[INFO] --- maven-assembly-plugin:3.6.0:single (make-assembly) @ shodrone.util.ci ---
[WARNING] Cannot include project artifact: lapr4.shodrone:shodrone.util.ci:pom:0.1.0; it doesn't have an associated file or directory.
[INFO] Building jar: /home/jorge-rodrigues/Desktop/2_ano/2_Semestre/sem4pi-2024-2025-sem4pi_2024_2025_g61/shodrone.util.ci/target/shodrone.util.ci-0.1.0-jar-with-dependencies.jar
[INFO] 
[INFO] --- maven-javadoc-plugin:3.2.0:jar (attach-javadocs) @ shodrone.util.ci ---
[INFO] Skipping javadoc generation
[INFO] 
[INFO] --- jacoco-maven-plugin:0.8.6:report-aggregate (report-aggregate) @ shodrone.util.ci ---
[INFO] Loading execution data file /home/jorge-rodrigues/Desktop/2_ano/2_Semestre/sem4pi-2024-2025-sem4pi_2024_2025_g61/shodrone.util.ci/target/aggregate.exec
[INFO] Loading execution data file /home/jorge-rodrigues/Desktop/2_ano/2_Semestre/sem4pi-2024-2025-sem4pi_2024_2025_g61/shodrone.backoffice/target/jacoco.exec
[INFO] Analyzed bundle 'backoffice' with 18 classes
[INFO] 
[INFO] --- jacoco-maven-plugin:0.8.6:merge (merge-results) @ shodrone.util.ci ---
[INFO] Loading execution data file /home/jorge-rodrigues/Desktop/2_ano/2_Semestre/sem4pi-2024-2025-sem4pi_2024_2025_g61/shodrone.util.ci/../shodrone.backoffice/target/jacoco.exec
[INFO] Writing merged execution data to /home/jorge-rodrigues/Desktop/2_ano/2_Semestre/sem4pi-2024-2025-sem4pi_2024_2025_g61/shodrone.util.ci/target/aggregate.exec
[INFO] 
[INFO] -------------< lapr4:shodrone.infraestructure.application >-------------
[INFO] Building shodrone.infraestructure.application 0.1.0                [4/4]
[INFO] --------------------------------[ jar ]---------------------------------
[INFO] 
[INFO] --- maven-dependency-plugin:2.8:copy-dependencies (default-cli) @ shodrone.infraestructure.application ---
[INFO] Copying bcrypt-0.9.0.jar to /home/jorge-rodrigues/Desktop/2_ano/2_Semestre/sem4pi-2024-2025-sem4pi_2024_2025_g61/shodrone.infraestructure.application/target/dependency/bcrypt-0.9.0.jar
[INFO] Copying commons-lang3-3.5.jar to /home/jorge-rodrigues/Desktop/2_ano/2_Semestre/sem4pi-2024-2025-sem4pi_2024_2025_g61/shodrone.infraestructure.application/target/dependency/commons-lang3-3.5.jar
[INFO] Copying AuthLib-1.0-SNAPSHOT.jar to /home/jorge-rodrigues/Desktop/2_ano/2_Semestre/sem4pi-2024-2025-sem4pi_2024_2025_g61/shodrone.infraestructure.application/target/dependency/AuthLib-1.0-SNAPSHOT.jar
[INFO] Copying bytes-1.3.0.jar to /home/jorge-rodrigues/Desktop/2_ano/2_Semestre/sem4pi-2024-2025-sem4pi_2024_2025_g61/shodrone.infraestructure.application/target/dependency/bytes-1.3.0.jar
[INFO] junit-jupiter-params-5.10.1.jar already exists in destination.
[INFO] spring-aop-6.1.4.jar already exists in destination.
[INFO] spring-boot-autoconfigure-3.2.3.jar already exists in destination.
[INFO] slf4j-api-2.0.2.jar already exists in destination.
[INFO] jackson-core-2.15.4.jar already exists in destination.
[INFO] jaxb-api-2.3.1.jar already exists in destination.
[INFO] spring-jcl-6.1.4.jar already exists in destination.
[INFO] eapli.framework.infrastructure.authz-25.0.0-RELEASE.jar already exists in destination.
[INFO] spring-security-config-6.2.2.jar already exists in destination.
[INFO] spring-security-crypto-6.2.2.jar already exists in destination.
[INFO] jackson-datatype-jdk8-2.15.4.jar already exists in destination.
[INFO] hibernate-commons-annotations-6.0.6.Final.jar already exists in destination.
[INFO] antlr4-runtime-4.13.0.jar already exists in destination.
[INFO] jaxb-core-4.0.2.jar already exists in destination.
[INFO] spring-expression-6.1.4.jar already exists in destination.
[INFO] log4j-to-slf4j-2.21.1.jar already exists in destination.
[INFO] jackson-annotations-2.15.4.jar already exists in destination.
[INFO] commons-io-2.15.1.jar already exists in destination.
[INFO] jakarta.activation-api-2.1.0.jar already exists in destination.
[INFO] junit-platform-commons-1.10.1.jar already exists in destination.
[INFO] jul-to-slf4j-2.0.12.jar already exists in destination.
[INFO] spring-context-6.1.4.jar already exists in destination.
[INFO] spring-data-jpa-3.2.3.jar already exists in destination.
[INFO] spring-aspects-6.1.4.jar already exists in destination.
[INFO] spring-boot-starter-3.2.3.jar already exists in destination.
[INFO] eapli.framework.core-25.0.0-RELEASE.jar already exists in destination.
[INFO] spring-jdbc-6.1.4.jar already exists in destination.
[INFO] jackson-databind-2.15.4.jar already exists in destination.
[INFO] spring-security-core-6.2.2.jar already exists in destination.
[INFO] logback-classic-1.4.14.jar already exists in destination.
[INFO] byte-buddy-1.14.11.jar already exists in destination.
[INFO] spring-boot-starter-aop-3.2.3.jar already exists in destination.
[INFO] jakarta.persistence-api-3.1.0.jar already exists in destination.
[INFO] spring-boot-starter-jdbc-3.2.3.jar already exists in destination.
[INFO] javax.activation-api-1.2.0.jar already exists in destination.
[INFO] junit-jupiter-api-5.10.1.jar already exists in destination.
[INFO] opentest4j-1.3.0.jar already exists in destination.
[INFO] spring-boot-starter-logging-3.2.3.jar already exists in destination.
[INFO] jakarta.transaction-api-2.0.1.jar already exists in destination.
[INFO] spring-data-commons-3.2.3.jar already exists in destination.
[INFO] jackson-module-parameter-names-2.15.4.jar already exists in destination.
[INFO] h2-2.2.224.jar already exists in destination.
[INFO] angus-activation-2.0.0.jar already exists in destination.
[INFO] HikariCP-5.0.1.jar already exists in destination.
[INFO] snakeyaml-2.2.jar already exists in destination.
[INFO] spring-tx-6.1.4.jar already exists in destination.
[INFO] micrometer-commons-1.12.3.jar already exists in destination.
[INFO] jaxb-runtime-4.0.2.jar already exists in destination.
[INFO] junit-3.8.1.jar already exists in destination.
[INFO] jakarta.inject-api-2.0.1.jar already exists in destination.
[INFO] jakarta.annotation-api-2.0.0.jar already exists in destination.
[INFO] spring-boot-starter-security-3.2.3.jar already exists in destination.
[INFO] jackson-datatype-jsr310-2.15.4.jar already exists in destination.
[INFO] txw2-4.0.2.jar already exists in destination.
[INFO] logback-core-1.4.14.jar already exists in destination.
[INFO] spring-boot-3.2.3.jar already exists in destination.
[INFO] spring-core-6.1.4.jar already exists in destination.
[INFO] spring-boot-starter-data-jpa-3.2.3.jar already exists in destination.
[INFO] jandex-3.1.2.jar already exists in destination.
[INFO] micrometer-observation-1.12.3.jar already exists in destination.
[INFO] spring-orm-6.1.4.jar already exists in destination.
[INFO] istack-commons-runtime-4.1.1.jar already exists in destination.
[INFO] jboss-logging-3.5.0.Final.jar already exists in destination.
[INFO] spring-beans-6.1.4.jar already exists in destination.
[INFO] apiguardian-api-1.1.2.jar already exists in destination.
[INFO] aspectjweaver-1.9.21.jar already exists in destination.
[INFO] spring-boot-starter-json-3.2.3.jar already exists in destination.
[INFO] eapli.framework.infrastructure.pubsub-25.0.0-RELEASE.jar already exists in destination.
[INFO] log4j-api-2.21.1.jar already exists in destination.
[INFO] spring-web-6.1.4.jar already exists in destination.
[INFO] hibernate-core-6.4.4.Final.jar already exists in destination.
[INFO] classmate-1.5.1.jar already exists in destination.
[INFO] jakarta.xml.bind-api-4.0.0.jar already exists in destination.
[INFO] lombok-1.18.30.jar already exists in destination.
[INFO] spring-security-web-6.2.2.jar already exists in destination.
[INFO] 
[INFO] --- jacoco-maven-plugin:0.8.6:prepare-agent (prepare-agent) @ shodrone.infraestructure.application ---
[INFO] argLine set to -javaagent:/home/jorge-rodrigues/.m2/repository/org/jacoco/org.jacoco.agent/0.8.6/org.jacoco.agent-0.8.6-runtime.jar=destfile=/home/jorge-rodrigues/Desktop/2_ano/2_Semestre/sem4pi-2024-2025-sem4pi_2024_2025_g61/shodrone.infraestructure.application/target/jacoco.exec
[INFO] 
[INFO] --- lombok-maven-plugin:1.18.20.0:delombok (delombok) @ shodrone.infraestructure.application ---
[INFO] Delombok complete.
[INFO] 
[INFO] --- maven-resources-plugin:2.6:resources (default-resources) @ shodrone.infraestructure.application ---
[INFO] Using 'UTF-8' encoding to copy filtered resources.
[INFO] Copying 1 resource
[INFO] 
[INFO] --- maven-compiler-plugin:3.8.1:compile (default-compile) @ shodrone.infraestructure.application ---
[INFO] Nothing to compile - all classes are up to date
[INFO] 
[INFO] --- maven-resources-plugin:2.6:testResources (default-testResources) @ shodrone.infraestructure.application ---
[INFO] Using 'UTF-8' encoding to copy filtered resources.
[INFO] skip non existing resourceDirectory /home/jorge-rodrigues/Desktop/2_ano/2_Semestre/sem4pi-2024-2025-sem4pi_2024_2025_g61/shodrone.infraestructure.application/src/test/resources
[INFO] 
[INFO] --- maven-compiler-plugin:3.8.1:testCompile (default-testCompile) @ shodrone.infraestructure.application ---
[INFO] No sources to compile
[INFO] 
[INFO] --- maven-surefire-plugin:3.0.0:test (default-test) @ shodrone.infraestructure.application ---
[INFO] No tests to run.
[INFO] 
[INFO] --- maven-jar-plugin:2.4:jar (default-jar) @ shodrone.infraestructure.application ---
[INFO] 
[INFO] --- maven-assembly-plugin:3.6.0:single (make-assembly) @ shodrone.infraestructure.application ---
[INFO] Building jar: /home/jorge-rodrigues/Desktop/2_ano/2_Semestre/sem4pi-2024-2025-sem4pi_2024_2025_g61/shodrone.infraestructure.application/target/shodrone.infraestructure.application-0.1.0-jar-with-dependencies.jar
[INFO] 
[INFO] --- maven-javadoc-plugin:3.2.0:jar (attach-javadocs) @ shodrone.infraestructure.application ---
[INFO] Skipping javadoc generation
[INFO] ------------------------------------------------------------------------
[INFO] Reactor Summary for shodrone 0.1.0:
[INFO] 
[INFO] shodrone ........................................... SUCCESS [  8.076 s]
[INFO] shodrone.app1 ...................................... SUCCESS [  8.274 s]
[INFO] shodrone.util.ci ................................... SUCCESS [  5.794 s]
[INFO] shodrone.infraestructure.application ............... SUCCESS [  5.845 s]
[INFO] ------------------------------------------------------------------------
[INFO] BUILD SUCCESS
[INFO] ------------------------------------------------------------------------
[INFO] Total time:  28.335 s
[INFO] Finished at: 2025-04-24T12:50:10+01:00
[INFO] ------------------------------------------------------------------------
